{"C:\\Users\\deba_pc.com\\OneDrive\\Desktop\\iptv\\backend\\src\\config\\db.js": {"path":"C:\\Users\\deba_pc.com\\OneDrive\\Desktop\\iptv\\backend\\src\\config\\db.js","statementMap":{"0":{"start":{"line":1,"column":17},"end":{"line":1,"column":30}},"1":{"start":{"line":2,"column":0},"end":{"line":2,"column":27}},"2":{"start":{"line":4,"column":17},"end":{"line":4,"column":74}},"3":{"start":{"line":7,"column":14},"end":{"line":7,"column":44}},"4":{"start":{"line":8,"column":18},"end":{"line":8,"column":76}},"5":{"start":{"line":9,"column":20},"end":{"line":9,"column":53}},"6":{"start":{"line":11,"column":19},"end":{"line":30,"column":5}},"7":{"start":{"line":32,"column":13},"end":{"line":32,"column":33}},"8":{"start":{"line":34,"column":0},"end":{"line":36,"column":3}},"9":{"start":{"line":35,"column":2},"end":{"line":35,"column":64}},"10":{"start":{"line":38,"column":0},"end":{"line":41,"column":2}},"11":{"start":{"line":39,"column":27},"end":{"line":39,"column":51}}},"fnMap":{"0":{"name":"(anonymous_0)","decl":{"start":{"line":34,"column":17},"end":{"line":34,"column":18}},"loc":{"start":{"line":34,"column":26},"end":{"line":36,"column":1}},"line":34},"1":{"name":"(anonymous_1)","decl":{"start":{"line":39,"column":9},"end":{"line":39,"column":10}},"loc":{"start":{"line":39,"column":27},"end":{"line":39,"column":51}},"line":39}},"branchMap":{"0":{"loc":{"start":{"line":4,"column":17},"end":{"line":4,"column":74}},"type":"binary-expr","locations":[{"start":{"line":4,"column":17},"end":{"line":4,"column":46}},{"start":{"line":4,"column":50},"end":{"line":4,"column":74}}],"line":4},"1":{"loc":{"start":{"line":7,"column":14},"end":{"line":7,"column":44}},"type":"binary-expr","locations":[{"start":{"line":7,"column":14},"end":{"line":7,"column":38}},{"start":{"line":7,"column":42},"end":{"line":7,"column":44}}],"line":7},"2":{"loc":{"start":{"line":8,"column":18},"end":{"line":8,"column":76}},"type":"binary-expr","locations":[{"start":{"line":8,"column":18},"end":{"line":8,"column":45}},{"start":{"line":8,"column":49},"end":{"line":8,"column":76}}],"line":8},"3":{"loc":{"start":{"line":11,"column":19},"end":{"line":30,"column":5}},"type":"cond-expr","locations":[{"start":{"line":12,"column":4},"end":{"line":19,"column":5}},{"start":{"line":20,"column":4},"end":{"line":30,"column":5}}],"line":11},"4":{"loc":{"start":{"line":14,"column":11},"end":{"line":14,"column":77}},"type":"cond-expr","locations":[{"start":{"line":14,"column":40},"end":{"line":14,"column":45}},{"start":{"line":14,"column":48},"end":{"line":14,"column":77}}],"line":14},"5":{"loc":{"start":{"line":14,"column":12},"end":{"line":14,"column":36}},"type":"binary-expr","locations":[{"start":{"line":14,"column":12},"end":{"line":14,"column":21}},{"start":{"line":14,"column":25},"end":{"line":14,"column":36}}],"line":14},"6":{"loc":{"start":{"line":18,"column":20},"end":{"line":18,"column":72}},"type":"binary-expr","locations":[{"start":{"line":18,"column":20},"end":{"line":18,"column":43}},{"start":{"line":18,"column":48},"end":{"line":18,"column":71}}],"line":18},"7":{"loc":{"start":{"line":18,"column":48},"end":{"line":18,"column":71}},"type":"cond-expr","locations":[{"start":{"line":18,"column":60},"end":{"line":18,"column":64}},{"start":{"line":18,"column":67},"end":{"line":18,"column":71}}],"line":18},"8":{"loc":{"start":{"line":21,"column":12},"end":{"line":21,"column":46}},"type":"binary-expr","locations":[{"start":{"line":21,"column":12},"end":{"line":21,"column":31}},{"start":{"line":21,"column":35},"end":{"line":21,"column":46}}],"line":21},"9":{"loc":{"start":{"line":22,"column":12},"end":{"line":22,"column":39}},"type":"binary-expr","locations":[{"start":{"line":22,"column":12},"end":{"line":22,"column":31}},{"start":{"line":22,"column":35},"end":{"line":22,"column":39}}],"line":22},"10":{"loc":{"start":{"line":23,"column":16},"end":{"line":23,"column":48}},"type":"binary-expr","locations":[{"start":{"line":23,"column":16},"end":{"line":23,"column":35}},{"start":{"line":23,"column":39},"end":{"line":23,"column":48}}],"line":23},"11":{"loc":{"start":{"line":24,"column":12},"end":{"line":24,"column":45}},"type":"binary-expr","locations":[{"start":{"line":24,"column":12},"end":{"line":24,"column":31}},{"start":{"line":24,"column":35},"end":{"line":24,"column":45}}],"line":24},"12":{"loc":{"start":{"line":25,"column":16},"end":{"line":25,"column":53}},"type":"binary-expr","locations":[{"start":{"line":25,"column":16},"end":{"line":25,"column":39}},{"start":{"line":25,"column":43},"end":{"line":25,"column":53}}],"line":25},"13":{"loc":{"start":{"line":26,"column":11},"end":{"line":26,"column":86}},"type":"cond-expr","locations":[{"start":{"line":26,"column":49},"end":{"line":26,"column":78}},{"start":{"line":26,"column":81},"end":{"line":26,"column":86}}],"line":26},"14":{"loc":{"start":{"line":29,"column":20},"end":{"line":29,"column":51}},"type":"binary-expr","locations":[{"start":{"line":29,"column":20},"end":{"line":29,"column":43}},{"start":{"line":29,"column":47},"end":{"line":29,"column":51}}],"line":29}},"s":{"0":1,"1":1,"2":1,"3":1,"4":1,"5":1,"6":1,"7":1,"8":1,"9":0,"10":1,"11":0},"f":{"0":0,"1":0},"b":{"0":[1,1],"1":[1,0],"2":[1,1],"3":[1,0],"4":[0,1],"5":[1,1],"6":[1,1],"7":[0,1],"8":[0,0],"9":[0,0],"10":[0,0],"11":[0,0],"12":[0,0],"13":[0,0],"14":[0,0]},"_coverageSchema":"1a1c01bbd47fc00a2c39e90264f33305004495a9","hash":"7483b2c887c608e5ff2d306c42245f16f129ce1a"}
,"C:\\Users\\deba_pc.com\\OneDrive\\Desktop\\iptv\\backend\\src\\controllers\\authController.js": {"path":"C:\\Users\\deba_pc.com\\OneDrive\\Desktop\\iptv\\backend\\src\\controllers\\authController.js","statementMap":{"0":{"start":{"line":1,"column":11},"end":{"line":1,"column":34}},"1":{"start":{"line":2,"column":15},"end":{"line":2,"column":32}},"2":{"start":{"line":3,"column":42},"end":{"line":3,"column":70}},"3":{"start":{"line":4,"column":48},"end":{"line":4,"column":71}},"4":{"start":{"line":5,"column":27},"end":{"line":5,"column":55}},"5":{"start":{"line":6,"column":21},"end":{"line":6,"column":47}},"6":{"start":{"line":8,"column":29},"end":{"line":8,"column":31}},"7":{"start":{"line":11,"column":28},"end":{"line":11,"column":62}},"8":{"start":{"line":13,"column":0},"end":{"line":58,"column":2}},"9":{"start":{"line":14,"column":2},"end":{"line":57,"column":3}},"10":{"start":{"line":15,"column":51},"end":{"line":15,"column":59}},"11":{"start":{"line":18,"column":4},"end":{"line":20,"column":5}},"12":{"start":{"line":19,"column":6},"end":{"line":19,"column":67}},"13":{"start":{"line":21,"column":4},"end":{"line":23,"column":5}},"14":{"start":{"line":22,"column":6},"end":{"line":22,"column":54}},"15":{"start":{"line":24,"column":24},"end":{"line":24,"column":62}},"16":{"start":{"line":25,"column":4},"end":{"line":27,"column":5}},"17":{"start":{"line":26,"column":6},"end":{"line":26,"column":54}},"18":{"start":{"line":28,"column":4},"end":{"line":30,"column":5}},"19":{"start":{"line":29,"column":6},"end":{"line":29,"column":66}},"20":{"start":{"line":33,"column":21},"end":{"line":36,"column":5}},"21":{"start":{"line":37,"column":4},"end":{"line":39,"column":5}},"22":{"start":{"line":38,"column":6},"end":{"line":38,"column":74}},"23":{"start":{"line":41,"column":25},"end":{"line":41,"column":53}},"24":{"start":{"line":43,"column":19},"end":{"line":47,"column":5}},"25":{"start":{"line":49,"column":17},"end":{"line":49,"column":31}},"26":{"start":{"line":50,"column":18},"end":{"line":50,"column":88}},"27":{"start":{"line":51,"column":25},"end":{"line":51,"column":54}},"28":{"start":{"line":53,"column":4},"end":{"line":53,"column":85}},"29":{"start":{"line":55,"column":4},"end":{"line":55,"column":59}},"30":{"start":{"line":56,"column":4},"end":{"line":56,"column":103}},"31":{"start":{"line":60,"column":0},"end":{"line":188,"column":2}},"32":{"start":{"line":61,"column":2},"end":{"line":187,"column":3}},"33":{"start":{"line":62,"column":69},"end":{"line":62,"column":77}},"34":{"start":{"line":63,"column":23},"end":{"line":63,"column":28}},"35":{"start":{"line":65,"column":19},"end":{"line":68,"column":5}},"36":{"start":{"line":70,"column":4},"end":{"line":72,"column":5}},"37":{"start":{"line":71,"column":6},"end":{"line":71,"column":58}},"38":{"start":{"line":74,"column":17},"end":{"line":74,"column":31}},"39":{"start":{"line":76,"column":4},"end":{"line":78,"column":5}},"40":{"start":{"line":77,"column":6},"end":{"line":77,"column":87}},"41":{"start":{"line":80,"column":20},"end":{"line":80,"column":71}},"42":{"start":{"line":81,"column":4},"end":{"line":83,"column":5}},"43":{"start":{"line":82,"column":6},"end":{"line":82,"column":58}},"44":{"start":{"line":86,"column":4},"end":{"line":86,"column":86}},"45":{"start":{"line":88,"column":18},"end":{"line":88,"column":22}},"46":{"start":{"line":89,"column":24},"end":{"line":89,"column":30}},"47":{"start":{"line":90,"column":22},"end":{"line":90,"column":46}},"48":{"start":{"line":91,"column":16},"end":{"line":91,"column":26}},"49":{"start":{"line":93,"column":4},"end":{"line":162,"column":5}},"50":{"start":{"line":95,"column":28},"end":{"line":101,"column":7}},"51":{"start":{"line":103,"column":6},"end":{"line":103,"column":46}},"52":{"start":{"line":104,"column":6},"end":{"line":104,"column":94}},"53":{"start":{"line":107,"column":6},"end":{"line":152,"column":7}},"54":{"start":{"line":108,"column":31},"end":{"line":111,"column":9}},"55":{"start":{"line":112,"column":8},"end":{"line":151,"column":9}},"56":{"start":{"line":114,"column":33},"end":{"line":117,"column":11}},"57":{"start":{"line":118,"column":35},"end":{"line":118,"column":73}},"58":{"start":{"line":119,"column":29},"end":{"line":119,"column":54}},"59":{"start":{"line":121,"column":10},"end":{"line":140,"column":11}},"60":{"start":{"line":122,"column":12},"end":{"line":139,"column":13}},"61":{"start":{"line":123,"column":14},"end":{"line":132,"column":15}},"62":{"start":{"line":125,"column":16},"end":{"line":130,"column":30}},"63":{"start":{"line":131,"column":16},"end":{"line":131,"column":37}},"64":{"start":{"line":134,"column":14},"end":{"line":138,"column":17}},"65":{"start":{"line":142,"column":10},"end":{"line":145,"column":12}},"66":{"start":{"line":147,"column":10},"end":{"line":150,"column":12}},"67":{"start":{"line":155,"column":6},"end":{"line":158,"column":8}},"68":{"start":{"line":160,"column":6},"end":{"line":160,"column":81}},"69":{"start":{"line":164,"column":18},"end":{"line":164,"column":88}},"70":{"start":{"line":165,"column":25},"end":{"line":165,"column":54}},"71":{"start":{"line":167,"column":54},"end":{"line":167,"column":58}},"72":{"start":{"line":169,"column":4},"end":{"line":183,"column":7}},"73":{"start":{"line":185,"column":4},"end":{"line":185,"column":39}},"74":{"start":{"line":186,"column":4},"end":{"line":186,"column":36}},"75":{"start":{"line":190,"column":0},"end":{"line":205,"column":2}},"76":{"start":{"line":191,"column":2},"end":{"line":204,"column":3}},"77":{"start":{"line":195,"column":29},"end":{"line":195,"column":37}},"78":{"start":{"line":196,"column":4},"end":{"line":199,"column":5}},"79":{"start":{"line":197,"column":37},"end":{"line":197,"column":60}},"80":{"start":{"line":198,"column":6},"end":{"line":198,"column":45}},"81":{"start":{"line":200,"column":4},"end":{"line":200,"column":50}},"82":{"start":{"line":202,"column":4},"end":{"line":202,"column":48}},"83":{"start":{"line":203,"column":4},"end":{"line":203,"column":50}},"84":{"start":{"line":207,"column":0},"end":{"line":256,"column":2}},"85":{"start":{"line":208,"column":2},"end":{"line":255,"column":3}},"86":{"start":{"line":209,"column":29},"end":{"line":209,"column":37}},"87":{"start":{"line":210,"column":4},"end":{"line":212,"column":5}},"88":{"start":{"line":211,"column":6},"end":{"line":211,"column":55}},"89":{"start":{"line":214,"column":79},"end":{"line":214,"column":102}},"90":{"start":{"line":216,"column":20},"end":{"line":216,"column":61}},"91":{"start":{"line":217,"column":4},"end":{"line":219,"column":5}},"92":{"start":{"line":218,"column":6},"end":{"line":218,"column":68}},"93":{"start":{"line":223,"column":40},"end":{"line":223,"column":73}},"94":{"start":{"line":225,"column":4},"end":{"line":227,"column":5}},"95":{"start":{"line":226,"column":6},"end":{"line":226,"column":54}},"96":{"start":{"line":230,"column":4},"end":{"line":230,"column":43}},"97":{"start":{"line":233,"column":23},"end":{"line":236,"column":5}},"98":{"start":{"line":237,"column":4},"end":{"line":239,"column":5}},"99":{"start":{"line":238,"column":6},"end":{"line":238,"column":47}},"100":{"start":{"line":240,"column":17},"end":{"line":240,"column":35}},"101":{"start":{"line":241,"column":4},"end":{"line":243,"column":5}},"102":{"start":{"line":242,"column":6},"end":{"line":242,"column":48}},"103":{"start":{"line":245,"column":27},"end":{"line":245,"column":97}},"104":{"start":{"line":247,"column":4},"end":{"line":251,"column":7}},"105":{"start":{"line":253,"column":4},"end":{"line":253,"column":55}},"106":{"start":{"line":254,"column":4},"end":{"line":254,"column":56}},"107":{"start":{"line":258,"column":0},"end":{"line":314,"column":2}},"108":{"start":{"line":259,"column":2},"end":{"line":313,"column":3}},"109":{"start":{"line":260,"column":30},"end":{"line":260,"column":38}},"110":{"start":{"line":261,"column":4},"end":{"line":263,"column":5}},"111":{"start":{"line":262,"column":6},"end":{"line":262,"column":57}},"112":{"start":{"line":265,"column":23},"end":{"line":265,"column":38}},"113":{"start":{"line":268,"column":23},"end":{"line":271,"column":5}},"114":{"start":{"line":272,"column":4},"end":{"line":275,"column":5}},"115":{"start":{"line":274,"column":6},"end":{"line":274,"column":86}},"116":{"start":{"line":276,"column":17},"end":{"line":276,"column":35}},"117":{"start":{"line":279,"column":16},"end":{"line":279,"column":59}},"118":{"start":{"line":282,"column":4},"end":{"line":282,"column":94}},"119":{"start":{"line":286,"column":4},"end":{"line":286,"column":85}},"120":{"start":{"line":288,"column":22},"end":{"line":288,"column":77}},"121":{"start":{"line":289,"column":4},"end":{"line":293,"column":6}},"122":{"start":{"line":296,"column":4},"end":{"line":306,"column":5}},"123":{"start":{"line":297,"column":6},"end":{"line":302,"column":9}},"124":{"start":{"line":304,"column":6},"end":{"line":304,"column":75}},"125":{"start":{"line":309,"column":4},"end":{"line":309,"column":84}},"126":{"start":{"line":311,"column":4},"end":{"line":311,"column":56}},"127":{"start":{"line":312,"column":4},"end":{"line":312,"column":64}},"128":{"start":{"line":316,"column":0},"end":{"line":363,"column":2}},"129":{"start":{"line":317,"column":2},"end":{"line":362,"column":3}},"130":{"start":{"line":318,"column":48},"end":{"line":318,"column":56}},"131":{"start":{"line":320,"column":4},"end":{"line":322,"column":5}},"132":{"start":{"line":321,"column":6},"end":{"line":321,"column":62}},"133":{"start":{"line":323,"column":4},"end":{"line":325,"column":5}},"134":{"start":{"line":324,"column":6},"end":{"line":324,"column":66}},"135":{"start":{"line":327,"column":23},"end":{"line":327,"column":38}},"136":{"start":{"line":328,"column":4},"end":{"line":330,"column":5}},"137":{"start":{"line":329,"column":6},"end":{"line":329,"column":57}},"138":{"start":{"line":334,"column":23},"end":{"line":337,"column":5}},"139":{"start":{"line":338,"column":4},"end":{"line":340,"column":5}},"140":{"start":{"line":339,"column":6},"end":{"line":339,"column":47}},"141":{"start":{"line":343,"column":22},"end":{"line":348,"column":5}},"142":{"start":{"line":349,"column":4},"end":{"line":351,"column":5}},"143":{"start":{"line":350,"column":6},"end":{"line":350,"column":55}},"144":{"start":{"line":354,"column":25},"end":{"line":354,"column":56}},"145":{"start":{"line":355,"column":4},"end":{"line":355,"column":131}},"146":{"start":{"line":356,"column":4},"end":{"line":356,"column":123}},"147":{"start":{"line":358,"column":4},"end":{"line":358,"column":82}},"148":{"start":{"line":360,"column":4},"end":{"line":360,"column":56}},"149":{"start":{"line":361,"column":4},"end":{"line":361,"column":48}},"150":{"start":{"line":365,"column":0},"end":{"line":378,"column":2}},"151":{"start":{"line":366,"column":2},"end":{"line":377,"column":3}},"152":{"start":{"line":367,"column":19},"end":{"line":370,"column":5}},"153":{"start":{"line":371,"column":4},"end":{"line":373,"column":5}},"154":{"start":{"line":372,"column":6},"end":{"line":372,"column":47}},"155":{"start":{"line":374,"column":4},"end":{"line":374,"column":33}},"156":{"start":{"line":376,"column":4},"end":{"line":376,"column":47}}},"fnMap":{"0":{"name":"(anonymous_0)","decl":{"start":{"line":13,"column":17},"end":{"line":13,"column":18}},"loc":{"start":{"line":13,"column":37},"end":{"line":58,"column":1}},"line":13},"1":{"name":"(anonymous_1)","decl":{"start":{"line":60,"column":16},"end":{"line":60,"column":17}},"loc":{"start":{"line":60,"column":36},"end":{"line":188,"column":1}},"line":60},"2":{"name":"(anonymous_2)","decl":{"start":{"line":190,"column":17},"end":{"line":190,"column":18}},"loc":{"start":{"line":190,"column":37},"end":{"line":205,"column":1}},"line":190},"3":{"name":"(anonymous_3)","decl":{"start":{"line":207,"column":23},"end":{"line":207,"column":24}},"loc":{"start":{"line":207,"column":43},"end":{"line":256,"column":1}},"line":207},"4":{"name":"(anonymous_4)","decl":{"start":{"line":258,"column":25},"end":{"line":258,"column":26}},"loc":{"start":{"line":258,"column":45},"end":{"line":314,"column":1}},"line":258},"5":{"name":"(anonymous_5)","decl":{"start":{"line":316,"column":24},"end":{"line":316,"column":25}},"loc":{"start":{"line":316,"column":44},"end":{"line":363,"column":1}},"line":316},"6":{"name":"(anonymous_6)","decl":{"start":{"line":365,"column":13},"end":{"line":365,"column":14}},"loc":{"start":{"line":365,"column":33},"end":{"line":378,"column":1}},"line":365}},"branchMap":{"0":{"loc":{"start":{"line":18,"column":4},"end":{"line":20,"column":5}},"type":"if","locations":[{"start":{"line":18,"column":4},"end":{"line":20,"column":5}},{"start":{},"end":{}}],"line":18},"1":{"loc":{"start":{"line":18,"column":8},"end":{"line":18,"column":115}},"type":"binary-expr","locations":[{"start":{"line":18,"column":8},"end":{"line":18,"column":18}},{"start":{"line":18,"column":22},"end":{"line":18,"column":51}},{"start":{"line":18,"column":55},"end":{"line":18,"column":82}},{"start":{"line":18,"column":86},"end":{"line":18,"column":115}}],"line":18},"2":{"loc":{"start":{"line":21,"column":4},"end":{"line":23,"column":5}},"type":"if","locations":[{"start":{"line":21,"column":4},"end":{"line":23,"column":5}},{"start":{},"end":{}}],"line":21},"3":{"loc":{"start":{"line":21,"column":8},"end":{"line":21,"column":59}},"type":"binary-expr","locations":[{"start":{"line":21,"column":8},"end":{"line":21,"column":14}},{"start":{"line":21,"column":18},"end":{"line":21,"column":59}}],"line":21},"4":{"loc":{"start":{"line":24,"column":25},"end":{"line":24,"column":37}},"type":"binary-expr","locations":[{"start":{"line":24,"column":25},"end":{"line":24,"column":31}},{"start":{"line":24,"column":35},"end":{"line":24,"column":37}}],"line":24},"5":{"loc":{"start":{"line":25,"column":4},"end":{"line":27,"column":5}},"type":"if","locations":[{"start":{"line":25,"column":4},"end":{"line":27,"column":5}},{"start":{},"end":{}}],"line":25},"6":{"loc":{"start":{"line":28,"column":4},"end":{"line":30,"column":5}},"type":"if","locations":[{"start":{"line":28,"column":4},"end":{"line":30,"column":5}},{"start":{},"end":{}}],"line":28},"7":{"loc":{"start":{"line":28,"column":8},"end":{"line":28,"column":65}},"type":"binary-expr","locations":[{"start":{"line":28,"column":8},"end":{"line":28,"column":17}},{"start":{"line":28,"column":21},"end":{"line":28,"column":40}},{"start":{"line":28,"column":44},"end":{"line":28,"column":65}}],"line":28},"8":{"loc":{"start":{"line":37,"column":4},"end":{"line":39,"column":5}},"type":"if","locations":[{"start":{"line":37,"column":4},"end":{"line":39,"column":5}},{"start":{},"end":{}}],"line":37},"9":{"loc":{"start":{"line":56,"column":15},"end":{"line":56,"column":96}},"type":"cond-expr","locations":[{"start":{"line":56,"column":56},"end":{"line":56,"column":67}},{"start":{"line":56,"column":70},"end":{"line":56,"column":96}}],"line":56},"10":{"loc":{"start":{"line":70,"column":4},"end":{"line":72,"column":5}},"type":"if","locations":[{"start":{"line":70,"column":4},"end":{"line":72,"column":5}},{"start":{},"end":{}}],"line":70},"11":{"loc":{"start":{"line":76,"column":4},"end":{"line":78,"column":5}},"type":"if","locations":[{"start":{"line":76,"column":4},"end":{"line":78,"column":5}},{"start":{},"end":{}}],"line":76},"12":{"loc":{"start":{"line":81,"column":4},"end":{"line":83,"column":5}},"type":"if","locations":[{"start":{"line":81,"column":4},"end":{"line":83,"column":5}},{"start":{},"end":{}}],"line":81},"13":{"loc":{"start":{"line":103,"column":16},"end":{"line":103,"column":45}},"type":"binary-expr","locations":[{"start":{"line":103,"column":16},"end":{"line":103,"column":37}},{"start":{"line":103,"column":41},"end":{"line":103,"column":45}}],"line":103},"14":{"loc":{"start":{"line":104,"column":22},"end":{"line":104,"column":93}},"type":"cond-expr","locations":[{"start":{"line":104,"column":70},"end":{"line":104,"column":84}},{"start":{"line":104,"column":87},"end":{"line":104,"column":93}}],"line":104},"15":{"loc":{"start":{"line":104,"column":22},"end":{"line":104,"column":67}},"type":"binary-expr","locations":[{"start":{"line":104,"column":22},"end":{"line":104,"column":29}},{"start":{"line":104,"column":33},"end":{"line":104,"column":67}}],"line":104},"16":{"loc":{"start":{"line":107,"column":6},"end":{"line":152,"column":7}},"type":"if","locations":[{"start":{"line":107,"column":6},"end":{"line":152,"column":7}},{"start":{},"end":{}}],"line":107},"17":{"loc":{"start":{"line":112,"column":8},"end":{"line":151,"column":9}},"type":"if","locations":[{"start":{"line":112,"column":8},"end":{"line":151,"column":9}},{"start":{"line":146,"column":15},"end":{"line":151,"column":9}}],"line":112},"18":{"loc":{"start":{"line":119,"column":29},"end":{"line":119,"column":54}},"type":"binary-expr","locations":[{"start":{"line":119,"column":29},"end":{"line":119,"column":49}},{"start":{"line":119,"column":53},"end":{"line":119,"column":54}}],"line":119},"19":{"loc":{"start":{"line":121,"column":10},"end":{"line":140,"column":11}},"type":"if","locations":[{"start":{"line":121,"column":10},"end":{"line":140,"column":11}},{"start":{},"end":{}}],"line":121},"20":{"loc":{"start":{"line":122,"column":12},"end":{"line":139,"column":13}},"type":"if","locations":[{"start":{"line":122,"column":12},"end":{"line":139,"column":13}},{"start":{"line":133,"column":19},"end":{"line":139,"column":13}}],"line":122},"21":{"loc":{"start":{"line":122,"column":16},"end":{"line":122,"column":74}},"type":"binary-expr","locations":[{"start":{"line":122,"column":16},"end":{"line":122,"column":42}},{"start":{"line":122,"column":46},"end":{"line":122,"column":74}}],"line":122},"22":{"loc":{"start":{"line":144,"column":33},"end":{"line":144,"column":57}},"type":"binary-expr","locations":[{"start":{"line":144,"column":33},"end":{"line":144,"column":44}},{"start":{"line":144,"column":48},"end":{"line":144,"column":57}}],"line":144},"23":{"loc":{"start":{"line":144,"column":59},"end":{"line":144,"column":81}},"type":"binary-expr","locations":[{"start":{"line":144,"column":59},"end":{"line":144,"column":70}},{"start":{"line":144,"column":74},"end":{"line":144,"column":81}}],"line":144},"24":{"loc":{"start":{"line":144,"column":83},"end":{"line":144,"column":113}},"type":"binary-expr","locations":[{"start":{"line":144,"column":83},"end":{"line":144,"column":100}},{"start":{"line":144,"column":104},"end":{"line":144,"column":113}}],"line":144},"25":{"loc":{"start":{"line":149,"column":13},"end":{"line":149,"column":35}},"type":"binary-expr","locations":[{"start":{"line":149,"column":13},"end":{"line":149,"column":24}},{"start":{"line":149,"column":28},"end":{"line":149,"column":35}}],"line":149},"26":{"loc":{"start":{"line":175,"column":72},"end":{"line":175,"column":97}},"type":"binary-expr","locations":[{"start":{"line":175,"column":72},"end":{"line":175,"column":92}},{"start":{"line":175,"column":96},"end":{"line":175,"column":97}}],"line":175},"27":{"loc":{"start":{"line":176,"column":15},"end":{"line":182,"column":14}},"type":"cond-expr","locations":[{"start":{"line":176,"column":25},"end":{"line":182,"column":7}},{"start":{"line":182,"column":10},"end":{"line":182,"column":14}}],"line":176},"28":{"loc":{"start":{"line":181,"column":24},"end":{"line":181,"column":120}},"type":"cond-expr","locations":[{"start":{"line":181,"column":45},"end":{"line":181,"column":116}},{"start":{"line":181,"column":119},"end":{"line":181,"column":120}}],"line":181},"29":{"loc":{"start":{"line":196,"column":4},"end":{"line":199,"column":5}},"type":"if","locations":[{"start":{"line":196,"column":4},"end":{"line":199,"column":5}},{"start":{},"end":{}}],"line":196},"30":{"loc":{"start":{"line":210,"column":4},"end":{"line":212,"column":5}},"type":"if","locations":[{"start":{"line":210,"column":4},"end":{"line":212,"column":5}},{"start":{},"end":{}}],"line":210},"31":{"loc":{"start":{"line":217,"column":4},"end":{"line":219,"column":5}},"type":"if","locations":[{"start":{"line":217,"column":4},"end":{"line":219,"column":5}},{"start":{},"end":{}}],"line":217},"32":{"loc":{"start":{"line":225,"column":4},"end":{"line":227,"column":5}},"type":"if","locations":[{"start":{"line":225,"column":4},"end":{"line":227,"column":5}},{"start":{},"end":{}}],"line":225},"33":{"loc":{"start":{"line":237,"column":4},"end":{"line":239,"column":5}},"type":"if","locations":[{"start":{"line":237,"column":4},"end":{"line":239,"column":5}},{"start":{},"end":{}}],"line":237},"34":{"loc":{"start":{"line":241,"column":4},"end":{"line":243,"column":5}},"type":"if","locations":[{"start":{"line":241,"column":4},"end":{"line":243,"column":5}},{"start":{},"end":{}}],"line":241},"35":{"loc":{"start":{"line":261,"column":4},"end":{"line":263,"column":5}},"type":"if","locations":[{"start":{"line":261,"column":4},"end":{"line":263,"column":5}},{"start":{},"end":{}}],"line":261},"36":{"loc":{"start":{"line":261,"column":8},"end":{"line":261,"column":25}},"type":"binary-expr","locations":[{"start":{"line":261,"column":8},"end":{"line":261,"column":14}},{"start":{"line":261,"column":18},"end":{"line":261,"column":25}}],"line":261},"37":{"loc":{"start":{"line":265,"column":23},"end":{"line":265,"column":38}},"type":"binary-expr","locations":[{"start":{"line":265,"column":23},"end":{"line":265,"column":28}},{"start":{"line":265,"column":32},"end":{"line":265,"column":38}}],"line":265},"38":{"loc":{"start":{"line":270,"column":7},"end":{"line":270,"column":20}},"type":"binary-expr","locations":[{"start":{"line":270,"column":7},"end":{"line":270,"column":12}},{"start":{"line":270,"column":16},"end":{"line":270,"column":20}}],"line":270},"39":{"loc":{"start":{"line":270,"column":22},"end":{"line":270,"column":36}},"type":"binary-expr","locations":[{"start":{"line":270,"column":22},"end":{"line":270,"column":28}},{"start":{"line":270,"column":32},"end":{"line":270,"column":36}}],"line":270},"40":{"loc":{"start":{"line":272,"column":4},"end":{"line":275,"column":5}},"type":"if","locations":[{"start":{"line":272,"column":4},"end":{"line":275,"column":5}},{"start":{},"end":{}}],"line":272},"41":{"loc":{"start":{"line":300,"column":20},"end":{"line":300,"column":44}},"type":"binary-expr","locations":[{"start":{"line":300,"column":20},"end":{"line":300,"column":34}},{"start":{"line":300,"column":38},"end":{"line":300,"column":44}}],"line":300},"42":{"loc":{"start":{"line":301,"column":23},"end":{"line":301,"column":47}},"type":"binary-expr","locations":[{"start":{"line":301,"column":23},"end":{"line":301,"column":37}},{"start":{"line":301,"column":41},"end":{"line":301,"column":47}}],"line":301},"43":{"loc":{"start":{"line":320,"column":4},"end":{"line":322,"column":5}},"type":"if","locations":[{"start":{"line":320,"column":4},"end":{"line":322,"column":5}},{"start":{},"end":{}}],"line":320},"44":{"loc":{"start":{"line":320,"column":8},"end":{"line":320,"column":28}},"type":"binary-expr","locations":[{"start":{"line":320,"column":8},"end":{"line":320,"column":12}},{"start":{"line":320,"column":16},"end":{"line":320,"column":28}}],"line":320},"45":{"loc":{"start":{"line":323,"column":4},"end":{"line":325,"column":5}},"type":"if","locations":[{"start":{"line":323,"column":4},"end":{"line":325,"column":5}},{"start":{},"end":{}}],"line":323},"46":{"loc":{"start":{"line":323,"column":8},"end":{"line":323,"column":74}},"type":"binary-expr","locations":[{"start":{"line":323,"column":8},"end":{"line":323,"column":20}},{"start":{"line":323,"column":24},"end":{"line":323,"column":46}},{"start":{"line":323,"column":50},"end":{"line":323,"column":74}}],"line":323},"47":{"loc":{"start":{"line":327,"column":23},"end":{"line":327,"column":38}},"type":"binary-expr","locations":[{"start":{"line":327,"column":23},"end":{"line":327,"column":28}},{"start":{"line":327,"column":32},"end":{"line":327,"column":38}}],"line":327},"48":{"loc":{"start":{"line":328,"column":4},"end":{"line":330,"column":5}},"type":"if","locations":[{"start":{"line":328,"column":4},"end":{"line":330,"column":5}},{"start":{},"end":{}}],"line":328},"49":{"loc":{"start":{"line":336,"column":7},"end":{"line":336,"column":20}},"type":"binary-expr","locations":[{"start":{"line":336,"column":7},"end":{"line":336,"column":12}},{"start":{"line":336,"column":16},"end":{"line":336,"column":20}}],"line":336},"50":{"loc":{"start":{"line":336,"column":22},"end":{"line":336,"column":36}},"type":"binary-expr","locations":[{"start":{"line":336,"column":22},"end":{"line":336,"column":28}},{"start":{"line":336,"column":32},"end":{"line":336,"column":36}}],"line":336},"51":{"loc":{"start":{"line":338,"column":4},"end":{"line":340,"column":5}},"type":"if","locations":[{"start":{"line":338,"column":4},"end":{"line":340,"column":5}},{"start":{},"end":{}}],"line":338},"52":{"loc":{"start":{"line":349,"column":4},"end":{"line":351,"column":5}},"type":"if","locations":[{"start":{"line":349,"column":4},"end":{"line":351,"column":5}},{"start":{},"end":{}}],"line":349},"53":{"loc":{"start":{"line":349,"column":8},"end":{"line":349,"column":76}},"type":"binary-expr","locations":[{"start":{"line":349,"column":8},"end":{"line":349,"column":35}},{"start":{"line":349,"column":39},"end":{"line":349,"column":76}}],"line":349},"54":{"loc":{"start":{"line":371,"column":4},"end":{"line":373,"column":5}},"type":"if","locations":[{"start":{"line":371,"column":4},"end":{"line":373,"column":5}},{"start":{},"end":{}}],"line":371}},"s":{"0":1,"1":1,"2":1,"3":1,"4":1,"5":1,"6":1,"7":1,"8":1,"9":0,"10":0,"11":0,"12":0,"13":0,"14":0,"15":0,"16":0,"17":0,"18":0,"19":0,"20":0,"21":0,"22":0,"23":0,"24":0,"25":0,"26":0,"27":0,"28":0,"29":0,"30":0,"31":1,"32":0,"33":0,"34":0,"35":0,"36":0,"37":0,"38":0,"39":0,"40":0,"41":0,"42":0,"43":0,"44":0,"45":0,"46":0,"47":0,"48":0,"49":0,"50":0,"51":0,"52":0,"53":0,"54":0,"55":0,"56":0,"57":0,"58":0,"59":0,"60":0,"61":0,"62":0,"63":0,"64":0,"65":0,"66":0,"67":0,"68":0,"69":0,"70":0,"71":0,"72":0,"73":0,"74":0,"75":1,"76":0,"77":0,"78":0,"79":0,"80":0,"81":0,"82":0,"83":0,"84":1,"85":2,"86":2,"87":2,"88":1,"89":1,"90":1,"91":1,"92":1,"93":0,"94":0,"95":0,"96":0,"97":0,"98":0,"99":0,"100":0,"101":0,"102":0,"103":0,"104":0,"105":0,"106":0,"107":1,"108":0,"109":0,"110":0,"111":0,"112":0,"113":0,"114":0,"115":0,"116":0,"117":0,"118":0,"119":0,"120":0,"121":0,"122":0,"123":0,"124":0,"125":0,"126":0,"127":0,"128":1,"129":0,"130":0,"131":0,"132":0,"133":0,"134":0,"135":0,"136":0,"137":0,"138":0,"139":0,"140":0,"141":0,"142":0,"143":0,"144":0,"145":0,"146":0,"147":0,"148":0,"149":0,"150":1,"151":0,"152":0,"153":0,"154":0,"155":0,"156":0},"f":{"0":0,"1":0,"2":0,"3":2,"4":0,"5":0,"6":0},"b":{"0":[0,0],"1":[0,0,0,0],"2":[0,0],"3":[0,0],"4":[0,0],"5":[0,0],"6":[0,0],"7":[0,0,0],"8":[0,0],"9":[0,0],"10":[0,0],"11":[0,0],"12":[0,0],"13":[0,0],"14":[0,0],"15":[0,0],"16":[0,0],"17":[0,0],"18":[0,0],"19":[0,0],"20":[0,0],"21":[0,0],"22":[0,0],"23":[0,0],"24":[0,0],"25":[0,0],"26":[0,0],"27":[0,0],"28":[0,0],"29":[0,0],"30":[1,1],"31":[1,0],"32":[0,0],"33":[0,0],"34":[0,0],"35":[0,0],"36":[0,0],"37":[0,0],"38":[0,0],"39":[0,0],"40":[0,0],"41":[0,0],"42":[0,0],"43":[0,0],"44":[0,0],"45":[0,0],"46":[0,0,0],"47":[0,0],"48":[0,0],"49":[0,0],"50":[0,0],"51":[0,0],"52":[0,0],"53":[0,0],"54":[0,0]},"_coverageSchema":"1a1c01bbd47fc00a2c39e90264f33305004495a9","hash":"661eba93a3f20eaccd5adc27c89292cce48c07c3"}
,"C:\\Users\\deba_pc.com\\OneDrive\\Desktop\\iptv\\backend\\src\\middleware\\auth.js": {"path":"C:\\Users\\deba_pc.com\\OneDrive\\Desktop\\iptv\\backend\\src\\middleware\\auth.js","statementMap":{"0":{"start":{"line":1,"column":24},"end":{"line":1,"column":47}},"1":{"start":{"line":2,"column":11},"end":{"line":2,"column":34}},"2":{"start":{"line":4,"column":23},"end":{"line":38,"column":1}},"3":{"start":{"line":5,"column":2},"end":{"line":37,"column":3}},"4":{"start":{"line":7,"column":23},"end":{"line":7,"column":48}},"5":{"start":{"line":8,"column":4},"end":{"line":14,"column":5}},"6":{"start":{"line":9,"column":6},"end":{"line":9,"column":39}},"7":{"start":{"line":10,"column":11},"end":{"line":14,"column":5}},"8":{"start":{"line":11,"column":6},"end":{"line":11,"column":30}},"9":{"start":{"line":13,"column":6},"end":{"line":13,"column":84}},"10":{"start":{"line":16,"column":20},"end":{"line":16,"column":38}},"11":{"start":{"line":19,"column":19},"end":{"line":22,"column":5}},"12":{"start":{"line":24,"column":4},"end":{"line":26,"column":5}},"13":{"start":{"line":25,"column":6},"end":{"line":25,"column":81}},"14":{"start":{"line":28,"column":17},"end":{"line":28,"column":31}},"15":{"start":{"line":29,"column":4},"end":{"line":31,"column":5}},"16":{"start":{"line":30,"column":6},"end":{"line":30,"column":121}},"17":{"start":{"line":33,"column":4},"end":{"line":33,"column":20}},"18":{"start":{"line":34,"column":4},"end":{"line":34,"column":11}},"19":{"start":{"line":36,"column":4},"end":{"line":36,"column":89}},"20":{"start":{"line":45,"column":21},"end":{"line":68,"column":1}},"21":{"start":{"line":46,"column":2},"end":{"line":66,"column":3}},"22":{"start":{"line":48,"column":23},"end":{"line":48,"column":48}},"23":{"start":{"line":49,"column":4},"end":{"line":55,"column":5}},"24":{"start":{"line":50,"column":6},"end":{"line":50,"column":39}},"25":{"start":{"line":51,"column":11},"end":{"line":55,"column":5}},"26":{"start":{"line":52,"column":6},"end":{"line":52,"column":30}},"27":{"start":{"line":54,"column":6},"end":{"line":54,"column":20}},"28":{"start":{"line":56,"column":20},"end":{"line":56,"column":38}},"29":{"start":{"line":57,"column":19},"end":{"line":60,"column":5}},"30":{"start":{"line":61,"column":4},"end":{"line":63,"column":5}},"31":{"start":{"line":62,"column":6},"end":{"line":62,"column":32}},"32":{"start":{"line":67,"column":2},"end":{"line":67,"column":9}},"33":{"start":{"line":70,"column":0},"end":{"line":70,"column":32}},"34":{"start":{"line":71,"column":0},"end":{"line":71,"column":43}}},"fnMap":{"0":{"name":"(anonymous_0)","decl":{"start":{"line":4,"column":23},"end":{"line":4,"column":24}},"loc":{"start":{"line":4,"column":49},"end":{"line":38,"column":1}},"line":4},"1":{"name":"(anonymous_1)","decl":{"start":{"line":45,"column":21},"end":{"line":45,"column":22}},"loc":{"start":{"line":45,"column":47},"end":{"line":68,"column":1}},"line":45}},"branchMap":{"0":{"loc":{"start":{"line":8,"column":4},"end":{"line":14,"column":5}},"type":"if","locations":[{"start":{"line":8,"column":4},"end":{"line":14,"column":5}},{"start":{"line":10,"column":11},"end":{"line":14,"column":5}}],"line":8},"1":{"loc":{"start":{"line":8,"column":8},"end":{"line":8,"column":54}},"type":"binary-expr","locations":[{"start":{"line":8,"column":8},"end":{"line":8,"column":18}},{"start":{"line":8,"column":22},"end":{"line":8,"column":54}}],"line":8},"2":{"loc":{"start":{"line":10,"column":11},"end":{"line":14,"column":5}},"type":"if","locations":[{"start":{"line":10,"column":11},"end":{"line":14,"column":5}},{"start":{"line":12,"column":11},"end":{"line":14,"column":5}}],"line":10},"3":{"loc":{"start":{"line":10,"column":15},"end":{"line":10,"column":43}},"type":"binary-expr","locations":[{"start":{"line":10,"column":15},"end":{"line":10,"column":24}},{"start":{"line":10,"column":28},"end":{"line":10,"column":43}}],"line":10},"4":{"loc":{"start":{"line":24,"column":4},"end":{"line":26,"column":5}},"type":"if","locations":[{"start":{"line":24,"column":4},"end":{"line":26,"column":5}},{"start":{},"end":{}}],"line":24},"5":{"loc":{"start":{"line":29,"column":4},"end":{"line":31,"column":5}},"type":"if","locations":[{"start":{"line":29,"column":4},"end":{"line":31,"column":5}},{"start":{},"end":{}}],"line":29},"6":{"loc":{"start":{"line":49,"column":4},"end":{"line":55,"column":5}},"type":"if","locations":[{"start":{"line":49,"column":4},"end":{"line":55,"column":5}},{"start":{"line":51,"column":11},"end":{"line":55,"column":5}}],"line":49},"7":{"loc":{"start":{"line":49,"column":8},"end":{"line":49,"column":54}},"type":"binary-expr","locations":[{"start":{"line":49,"column":8},"end":{"line":49,"column":18}},{"start":{"line":49,"column":22},"end":{"line":49,"column":54}}],"line":49},"8":{"loc":{"start":{"line":51,"column":11},"end":{"line":55,"column":5}},"type":"if","locations":[{"start":{"line":51,"column":11},"end":{"line":55,"column":5}},{"start":{"line":53,"column":11},"end":{"line":55,"column":5}}],"line":51},"9":{"loc":{"start":{"line":51,"column":15},"end":{"line":51,"column":43}},"type":"binary-expr","locations":[{"start":{"line":51,"column":15},"end":{"line":51,"column":24}},{"start":{"line":51,"column":28},"end":{"line":51,"column":43}}],"line":51},"10":{"loc":{"start":{"line":61,"column":4},"end":{"line":63,"column":5}},"type":"if","locations":[{"start":{"line":61,"column":4},"end":{"line":63,"column":5}},{"start":{},"end":{}}],"line":61},"11":{"loc":{"start":{"line":61,"column":8},"end":{"line":61,"column":69}},"type":"binary-expr","locations":[{"start":{"line":61,"column":8},"end":{"line":61,"column":30}},{"start":{"line":61,"column":34},"end":{"line":61,"column":69}}],"line":61}},"s":{"0":1,"1":1,"2":1,"3":0,"4":0,"5":0,"6":0,"7":0,"8":0,"9":0,"10":0,"11":0,"12":0,"13":0,"14":0,"15":0,"16":0,"17":0,"18":0,"19":0,"20":1,"21":0,"22":0,"23":0,"24":0,"25":0,"26":0,"27":0,"28":0,"29":0,"30":0,"31":0,"32":0,"33":1,"34":1},"f":{"0":0,"1":0},"b":{"0":[0,0],"1":[0,0],"2":[0,0],"3":[0,0],"4":[0,0],"5":[0,0],"6":[0,0],"7":[0,0],"8":[0,0],"9":[0,0],"10":[0,0],"11":[0,0]},"_coverageSchema":"1a1c01bbd47fc00a2c39e90264f33305004495a9","hash":"dfabda7af54d1b897eaf774da88099d1b7d25ea3"}
,"C:\\Users\\deba_pc.com\\OneDrive\\Desktop\\iptv\\backend\\src\\middleware\\rateLimit.js": {"path":"C:\\Users\\deba_pc.com\\OneDrive\\Desktop\\iptv\\backend\\src\\middleware\\rateLimit.js","statementMap":{"0":{"start":{"line":1,"column":18},"end":{"line":1,"column":47}},"1":{"start":{"line":3,"column":24},"end":{"line":9,"column":2}},"2":{"start":{"line":7,"column":4},"end":{"line":7,"column":100}},"3":{"start":{"line":11,"column":19},"end":{"line":17,"column":2}},"4":{"start":{"line":15,"column":4},"end":{"line":15,"column":106}},"5":{"start":{"line":19,"column":22},"end":{"line":25,"column":2}},"6":{"start":{"line":23,"column":4},"end":{"line":23,"column":101}},"7":{"start":{"line":27,"column":20},"end":{"line":33,"column":2}},"8":{"start":{"line":31,"column":4},"end":{"line":31,"column":105}},"9":{"start":{"line":37,"column":23},"end":{"line":43,"column":2}},"10":{"start":{"line":41,"column":4},"end":{"line":41,"column":114}},"11":{"start":{"line":45,"column":0},"end":{"line":45,"column":93}}},"fnMap":{"0":{"name":"(anonymous_0)","decl":{"start":{"line":6,"column":11},"end":{"line":6,"column":12}},"loc":{"start":{"line":6,"column":40},"end":{"line":8,"column":3}},"line":6},"1":{"name":"(anonymous_1)","decl":{"start":{"line":14,"column":11},"end":{"line":14,"column":12}},"loc":{"start":{"line":14,"column":40},"end":{"line":16,"column":3}},"line":14},"2":{"name":"(anonymous_2)","decl":{"start":{"line":22,"column":11},"end":{"line":22,"column":12}},"loc":{"start":{"line":22,"column":40},"end":{"line":24,"column":3}},"line":22},"3":{"name":"(anonymous_3)","decl":{"start":{"line":30,"column":11},"end":{"line":30,"column":12}},"loc":{"start":{"line":30,"column":40},"end":{"line":32,"column":3}},"line":30},"4":{"name":"(anonymous_4)","decl":{"start":{"line":40,"column":11},"end":{"line":40,"column":12}},"loc":{"start":{"line":40,"column":40},"end":{"line":42,"column":3}},"line":40}},"branchMap":{},"s":{"0":1,"1":1,"2":0,"3":1,"4":0,"5":1,"6":0,"7":1,"8":0,"9":1,"10":0,"11":1},"f":{"0":0,"1":0,"2":0,"3":0,"4":0},"b":{},"_coverageSchema":"1a1c01bbd47fc00a2c39e90264f33305004495a9","hash":"7c3a07a3b8d9d404ce96251ce023524eef843303"}
,"C:\\Users\\deba_pc.com\\OneDrive\\Desktop\\iptv\\backend\\src\\routes\\auth.js": {"path":"C:\\Users\\deba_pc.com\\OneDrive\\Desktop\\iptv\\backend\\src\\routes\\auth.js","statementMap":{"0":{"start":{"line":1,"column":16},"end":{"line":1,"column":34}},"1":{"start":{"line":2,"column":15},"end":{"line":2,"column":31}},"2":{"start":{"line":3,"column":23},"end":{"line":3,"column":63}},"3":{"start":{"line":4,"column":57},"end":{"line":4,"column":91}},"4":{"start":{"line":5,"column":23},"end":{"line":5,"column":52}},"5":{"start":{"line":7,"column":0},"end":{"line":7,"column":59}},"6":{"start":{"line":8,"column":0},"end":{"line":8,"column":57}},"7":{"start":{"line":9,"column":0},"end":{"line":9,"column":63}},"8":{"start":{"line":10,"column":0},"end":{"line":10,"column":75}},"9":{"start":{"line":11,"column":0},"end":{"line":11,"column":76}},"10":{"start":{"line":12,"column":0},"end":{"line":12,"column":74}},"11":{"start":{"line":13,"column":0},"end":{"line":13,"column":53}},"12":{"start":{"line":15,"column":0},"end":{"line":15,"column":24}}},"fnMap":{},"branchMap":{},"s":{"0":1,"1":1,"2":1,"3":1,"4":1,"5":1,"6":1,"7":1,"8":1,"9":1,"10":1,"11":1,"12":1},"f":{},"b":{},"_coverageSchema":"1a1c01bbd47fc00a2c39e90264f33305004495a9","hash":"83843d94ffdc9a2a300aa58d73183e0e16f355f2"}
,"C:\\Users\\deba_pc.com\\OneDrive\\Desktop\\iptv\\backend\\src\\utils\\jwt.js": {"path":"C:\\Users\\deba_pc.com\\OneDrive\\Desktop\\iptv\\backend\\src\\utils\\jwt.js","statementMap":{"0":{"start":{"line":1,"column":12},"end":{"line":1,"column":35}},"1":{"start":{"line":2,"column":15},"end":{"line":2,"column":32}},"2":{"start":{"line":5,"column":0},"end":{"line":8,"column":1}},"3":{"start":{"line":6,"column":2},"end":{"line":6,"column":108}},"4":{"start":{"line":6,"column":31},"end":{"line":6,"column":108}},"5":{"start":{"line":7,"column":2},"end":{"line":7,"column":120}},"6":{"start":{"line":7,"column":37},"end":{"line":7,"column":120}},"7":{"start":{"line":10,"column":19},"end":{"line":10,"column":82}},"8":{"start":{"line":11,"column":25},"end":{"line":11,"column":96}},"9":{"start":{"line":13,"column":23},"end":{"line":13,"column":80}},"10":{"start":{"line":15,"column":22},"end":{"line":15,"column":77}},"11":{"start":{"line":21,"column":22},"end":{"line":23,"column":1}},"12":{"start":{"line":22,"column":2},"end":{"line":22,"column":54}},"13":{"start":{"line":26,"column":29},"end":{"line":28,"column":1}},"14":{"start":{"line":27,"column":2},"end":{"line":27,"column":111}},"15":{"start":{"line":30,"column":20},"end":{"line":32,"column":1}},"16":{"start":{"line":31,"column":2},"end":{"line":31,"column":39}},"17":{"start":{"line":36,"column":27},"end":{"line":40,"column":1}},"18":{"start":{"line":37,"column":18},"end":{"line":37,"column":58}},"19":{"start":{"line":38,"column":2},"end":{"line":38,"column":73}},"20":{"start":{"line":38,"column":34},"end":{"line":38,"column":73}},"21":{"start":{"line":39,"column":2},"end":{"line":39,"column":17}},"22":{"start":{"line":44,"column":28},"end":{"line":48,"column":1}},"23":{"start":{"line":45,"column":18},"end":{"line":45,"column":50}},"24":{"start":{"line":46,"column":26},"end":{"line":46,"column":62}},"25":{"start":{"line":47,"column":2},"end":{"line":47,"column":53}},"26":{"start":{"line":52,"column":11},"end":{"line":52,"column":34}},"27":{"start":{"line":54,"column":27},"end":{"line":68,"column":1}},"28":{"start":{"line":55,"column":2},"end":{"line":67,"column":3}},"29":{"start":{"line":56,"column":20},"end":{"line":56,"column":60}},"30":{"start":{"line":57,"column":4},"end":{"line":57,"column":43}},"31":{"start":{"line":57,"column":36},"end":{"line":57,"column":43}},"32":{"start":{"line":58,"column":16},"end":{"line":58,"column":42}},"33":{"start":{"line":59,"column":4},"end":{"line":59,"column":21}},"34":{"start":{"line":59,"column":14},"end":{"line":59,"column":21}},"35":{"start":{"line":60,"column":4},"end":{"line":64,"column":6}},"36":{"start":{"line":70,"column":30},"end":{"line":84,"column":1}},"37":{"start":{"line":71,"column":2},"end":{"line":83,"column":3}},"38":{"start":{"line":72,"column":20},"end":{"line":72,"column":60}},"39":{"start":{"line":73,"column":4},"end":{"line":73,"column":48}},"40":{"start":{"line":73,"column":36},"end":{"line":73,"column":48}},"41":{"start":{"line":74,"column":16},"end":{"line":74,"column":42}},"42":{"start":{"line":75,"column":4},"end":{"line":75,"column":26}},"43":{"start":{"line":75,"column":14},"end":{"line":75,"column":26}},"44":{"start":{"line":76,"column":19},"end":{"line":79,"column":5}},"45":{"start":{"line":80,"column":4},"end":{"line":80,"column":34}},"46":{"start":{"line":82,"column":4},"end":{"line":82,"column":16}},"47":{"start":{"line":88,"column":28},"end":{"line":90,"column":1}},"48":{"start":{"line":89,"column":2},"end":{"line":89,"column":127}},"49":{"start":{"line":92,"column":26},"end":{"line":97,"column":1}},"50":{"start":{"line":93,"column":18},"end":{"line":93,"column":50}},"51":{"start":{"line":94,"column":2},"end":{"line":94,"column":71}},"52":{"start":{"line":94,"column":33},"end":{"line":94,"column":71}},"53":{"start":{"line":95,"column":2},"end":{"line":95,"column":102}},"54":{"start":{"line":95,"column":60},"end":{"line":95,"column":102}},"55":{"start":{"line":96,"column":2},"end":{"line":96,"column":17}},"56":{"start":{"line":99,"column":27},"end":{"line":101,"column":1}},"57":{"start":{"line":100,"column":2},"end":{"line":100,"column":60}},"58":{"start":{"line":103,"column":25},"end":{"line":105,"column":1}},"59":{"start":{"line":104,"column":2},"end":{"line":104,"column":45}},"60":{"start":{"line":107,"column":0},"end":{"line":113,"column":2}}},"fnMap":{"0":{"name":"(anonymous_0)","decl":{"start":{"line":21,"column":22},"end":{"line":21,"column":23}},"loc":{"start":{"line":21,"column":53},"end":{"line":23,"column":1}},"line":21},"1":{"name":"(anonymous_1)","decl":{"start":{"line":26,"column":29},"end":{"line":26,"column":30}},"loc":{"start":{"line":26,"column":41},"end":{"line":28,"column":1}},"line":26},"2":{"name":"(anonymous_2)","decl":{"start":{"line":30,"column":20},"end":{"line":30,"column":21}},"loc":{"start":{"line":30,"column":31},"end":{"line":32,"column":1}},"line":30},"3":{"name":"(anonymous_3)","decl":{"start":{"line":36,"column":27},"end":{"line":36,"column":28}},"loc":{"start":{"line":36,"column":45},"end":{"line":40,"column":1}},"line":36},"4":{"name":"(anonymous_4)","decl":{"start":{"line":44,"column":28},"end":{"line":44,"column":29}},"loc":{"start":{"line":44,"column":46},"end":{"line":48,"column":1}},"line":44},"5":{"name":"(anonymous_5)","decl":{"start":{"line":54,"column":27},"end":{"line":54,"column":28}},"loc":{"start":{"line":54,"column":51},"end":{"line":68,"column":1}},"line":54},"6":{"name":"(anonymous_6)","decl":{"start":{"line":70,"column":30},"end":{"line":70,"column":31}},"loc":{"start":{"line":70,"column":54},"end":{"line":84,"column":1}},"line":70},"7":{"name":"(anonymous_7)","decl":{"start":{"line":88,"column":28},"end":{"line":88,"column":29}},"loc":{"start":{"line":88,"column":76},"end":{"line":90,"column":1}},"line":88},"8":{"name":"(anonymous_8)","decl":{"start":{"line":92,"column":26},"end":{"line":92,"column":27}},"loc":{"start":{"line":92,"column":48},"end":{"line":97,"column":1}},"line":92},"9":{"name":"(anonymous_9)","decl":{"start":{"line":99,"column":27},"end":{"line":99,"column":28}},"loc":{"start":{"line":99,"column":58},"end":{"line":101,"column":1}},"line":99},"10":{"name":"(anonymous_10)","decl":{"start":{"line":103,"column":25},"end":{"line":103,"column":26}},"loc":{"start":{"line":103,"column":36},"end":{"line":105,"column":1}},"line":103}},"branchMap":{"0":{"loc":{"start":{"line":5,"column":0},"end":{"line":8,"column":1}},"type":"if","locations":[{"start":{"line":5,"column":0},"end":{"line":8,"column":1}},{"start":{},"end":{}}],"line":5},"1":{"loc":{"start":{"line":6,"column":2},"end":{"line":6,"column":108}},"type":"if","locations":[{"start":{"line":6,"column":2},"end":{"line":6,"column":108}},{"start":{},"end":{}}],"line":6},"2":{"loc":{"start":{"line":7,"column":2},"end":{"line":7,"column":120}},"type":"if","locations":[{"start":{"line":7,"column":2},"end":{"line":7,"column":120}},{"start":{},"end":{}}],"line":7},"3":{"loc":{"start":{"line":10,"column":19},"end":{"line":10,"column":82}},"type":"binary-expr","locations":[{"start":{"line":10,"column":19},"end":{"line":10,"column":41}},{"start":{"line":10,"column":45},"end":{"line":10,"column":82}}],"line":10},"4":{"loc":{"start":{"line":11,"column":25},"end":{"line":11,"column":96}},"type":"binary-expr","locations":[{"start":{"line":11,"column":25},"end":{"line":11,"column":53}},{"start":{"line":11,"column":57},"end":{"line":11,"column":96}}],"line":11},"5":{"loc":{"start":{"line":13,"column":23},"end":{"line":13,"column":80}},"type":"binary-expr","locations":[{"start":{"line":13,"column":23},"end":{"line":13,"column":53}},{"start":{"line":13,"column":57},"end":{"line":13,"column":80}}],"line":13},"6":{"loc":{"start":{"line":15,"column":22},"end":{"line":15,"column":77}},"type":"binary-expr","locations":[{"start":{"line":15,"column":22},"end":{"line":15,"column":51}},{"start":{"line":15,"column":55},"end":{"line":15,"column":77}}],"line":15},"7":{"loc":{"start":{"line":21,"column":32},"end":{"line":21,"column":48}},"type":"default-arg","locations":[{"start":{"line":21,"column":44},"end":{"line":21,"column":48}}],"line":21},"8":{"loc":{"start":{"line":38,"column":2},"end":{"line":38,"column":73}},"type":"if","locations":[{"start":{"line":38,"column":2},"end":{"line":38,"column":73}},{"start":{},"end":{}}],"line":38},"9":{"loc":{"start":{"line":57,"column":4},"end":{"line":57,"column":43}},"type":"if","locations":[{"start":{"line":57,"column":4},"end":{"line":57,"column":43}},{"start":{},"end":{}}],"line":57},"10":{"loc":{"start":{"line":58,"column":16},"end":{"line":58,"column":42}},"type":"binary-expr","locations":[{"start":{"line":58,"column":16},"end":{"line":58,"column":27}},{"start":{"line":58,"column":31},"end":{"line":58,"column":42}}],"line":58},"11":{"loc":{"start":{"line":59,"column":4},"end":{"line":59,"column":21}},"type":"if","locations":[{"start":{"line":59,"column":4},"end":{"line":59,"column":21}},{"start":{},"end":{}}],"line":59},"12":{"loc":{"start":{"line":63,"column":20},"end":{"line":63,"column":84}},"type":"binary-expr","locations":[{"start":{"line":63,"column":20},"end":{"line":63,"column":31}},{"start":{"line":63,"column":35},"end":{"line":63,"column":84}}],"line":63},"13":{"loc":{"start":{"line":73,"column":4},"end":{"line":73,"column":48}},"type":"if","locations":[{"start":{"line":73,"column":4},"end":{"line":73,"column":48}},{"start":{},"end":{}}],"line":73},"14":{"loc":{"start":{"line":74,"column":16},"end":{"line":74,"column":42}},"type":"binary-expr","locations":[{"start":{"line":74,"column":16},"end":{"line":74,"column":27}},{"start":{"line":74,"column":31},"end":{"line":74,"column":42}}],"line":74},"15":{"loc":{"start":{"line":75,"column":4},"end":{"line":75,"column":26}},"type":"if","locations":[{"start":{"line":75,"column":4},"end":{"line":75,"column":26}},{"start":{},"end":{}}],"line":75},"16":{"loc":{"start":{"line":88,"column":40},"end":{"line":88,"column":53}},"type":"default-arg","locations":[{"start":{"line":88,"column":49},"end":{"line":88,"column":53}}],"line":88},"17":{"loc":{"start":{"line":88,"column":55},"end":{"line":88,"column":71}},"type":"default-arg","locations":[{"start":{"line":88,"column":67},"end":{"line":88,"column":71}}],"line":88},"18":{"loc":{"start":{"line":89,"column":58},"end":{"line":89,"column":77}},"type":"binary-expr","locations":[{"start":{"line":89,"column":58},"end":{"line":89,"column":64}},{"start":{"line":89,"column":68},"end":{"line":89,"column":77}}],"line":89},"19":{"loc":{"start":{"line":94,"column":2},"end":{"line":94,"column":71}},"type":"if","locations":[{"start":{"line":94,"column":2},"end":{"line":94,"column":71}},{"start":{},"end":{}}],"line":94},"20":{"loc":{"start":{"line":95,"column":2},"end":{"line":95,"column":102}},"type":"if","locations":[{"start":{"line":95,"column":2},"end":{"line":95,"column":102}},{"start":{},"end":{}}],"line":95},"21":{"loc":{"start":{"line":95,"column":6},"end":{"line":95,"column":58}},"type":"binary-expr","locations":[{"start":{"line":95,"column":6},"end":{"line":95,"column":15}},{"start":{"line":95,"column":19},"end":{"line":95,"column":58}}],"line":95},"22":{"loc":{"start":{"line":99,"column":37},"end":{"line":99,"column":53}},"type":"default-arg","locations":[{"start":{"line":99,"column":49},"end":{"line":99,"column":53}}],"line":99}},"s":{"0":1,"1":1,"2":1,"3":0,"4":0,"5":0,"6":0,"7":1,"8":1,"9":1,"10":1,"11":1,"12":0,"13":1,"14":0,"15":1,"16":0,"17":1,"18":0,"19":0,"20":0,"21":0,"22":1,"23":0,"24":0,"25":0,"26":1,"27":1,"28":0,"29":0,"30":0,"31":0,"32":0,"33":0,"34":0,"35":0,"36":1,"37":1,"38":1,"39":0,"40":0,"41":0,"42":0,"43":0,"44":0,"45":0,"46":1,"47":1,"48":0,"49":1,"50":0,"51":0,"52":0,"53":0,"54":0,"55":0,"56":1,"57":0,"58":1,"59":0,"60":1},"f":{"0":0,"1":0,"2":0,"3":0,"4":0,"5":0,"6":1,"7":0,"8":0,"9":0,"10":0},"b":{"0":[0,1],"1":[0,0],"2":[0,0],"3":[1,0],"4":[1,0],"5":[1,1],"6":[1,1],"7":[0],"8":[0,0],"9":[0,0],"10":[0,0],"11":[0,0],"12":[0,0],"13":[0,0],"14":[0,0],"15":[0,0],"16":[0],"17":[0],"18":[0,0],"19":[0,0],"20":[0,0],"21":[0,0],"22":[0]},"_coverageSchema":"1a1c01bbd47fc00a2c39e90264f33305004495a9","hash":"ccd086db6753e2f5a6be0e2f187bf31abba13d52"}
,"C:\\Users\\deba_pc.com\\OneDrive\\Desktop\\iptv\\backend\\src\\utils\\mailer.js": {"path":"C:\\Users\\deba_pc.com\\OneDrive\\Desktop\\iptv\\backend\\src\\utils\\mailer.js","statementMap":{"0":{"start":{"line":1,"column":19},"end":{"line":1,"column":40}},"1":{"start":{"line":8,"column":2},"end":{"line":11,"column":3}},"2":{"start":{"line":9,"column":4},"end":{"line":9,"column":90}},"3":{"start":{"line":10,"column":4},"end":{"line":10,"column":63}},"4":{"start":{"line":13,"column":22},"end":{"line":21,"column":4}},"5":{"start":{"line":23,"column":2},"end":{"line":29,"column":5}},"6":{"start":{"line":32,"column":0},"end":{"line":32,"column":30}}},"fnMap":{"0":{"name":"sendMail","decl":{"start":{"line":7,"column":15},"end":{"line":7,"column":23}},"loc":{"start":{"line":7,"column":53},"end":{"line":30,"column":1}},"line":7}},"branchMap":{"0":{"loc":{"start":{"line":8,"column":2},"end":{"line":11,"column":3}},"type":"if","locations":[{"start":{"line":8,"column":2},"end":{"line":11,"column":3}},{"start":{},"end":{}}],"line":8},"1":{"loc":{"start":{"line":9,"column":70},"end":{"line":9,"column":88}},"type":"binary-expr","locations":[{"start":{"line":9,"column":70},"end":{"line":9,"column":74}},{"start":{"line":9,"column":78},"end":{"line":9,"column":82}},{"start":{"line":9,"column":86},"end":{"line":9,"column":88}}],"line":9},"2":{"loc":{"start":{"line":15,"column":19},"end":{"line":15,"column":49}},"type":"binary-expr","locations":[{"start":{"line":15,"column":19},"end":{"line":15,"column":40}},{"start":{"line":15,"column":44},"end":{"line":15,"column":49}}],"line":15},"3":{"loc":{"start":{"line":16,"column":12},"end":{"line":16,"column":81}},"type":"binary-expr","locations":[{"start":{"line":16,"column":12},"end":{"line":16,"column":46}},{"start":{"line":16,"column":50},"end":{"line":16,"column":81}}],"line":16},"4":{"loc":{"start":{"line":24,"column":10},"end":{"line":24,"column":84}},"type":"binary-expr","locations":[{"start":{"line":24,"column":10},"end":{"line":24,"column":31}},{"start":{"line":24,"column":35},"end":{"line":24,"column":84}}],"line":24}},"s":{"0":1,"1":0,"2":0,"3":0,"4":0,"5":0,"6":1},"f":{"0":0},"b":{"0":[0,0],"1":[0,0,0],"2":[0,0],"3":[0,0],"4":[0,0]},"_coverageSchema":"1a1c01bbd47fc00a2c39e90264f33305004495a9","hash":"e0d5fc5a6d4a2a896021e9c53cf8c731c4110567"}
,"C:\\Users\\deba_pc.com\\OneDrive\\Desktop\\iptv\\backend\\src\\utils\\password.js": {"path":"C:\\Users\\deba_pc.com\\OneDrive\\Desktop\\iptv\\backend\\src\\utils\\password.js","statementMap":{"0":{"start":{"line":1,"column":15},"end":{"line":1,"column":34}},"1":{"start":{"line":3,"column":21},"end":{"line":6,"column":1}},"2":{"start":{"line":4,"column":15},"end":{"line":4,"column":39}},"3":{"start":{"line":5,"column":2},"end":{"line":5,"column":37}},"4":{"start":{"line":8,"column":24},"end":{"line":10,"column":1}},"5":{"start":{"line":9,"column":2},"end":{"line":9,"column":40}},"6":{"start":{"line":12,"column":0},"end":{"line":12,"column":51}}},"fnMap":{"0":{"name":"(anonymous_0)","decl":{"start":{"line":3,"column":21},"end":{"line":3,"column":22}},"loc":{"start":{"line":3,"column":41},"end":{"line":6,"column":1}},"line":3},"1":{"name":"(anonymous_1)","decl":{"start":{"line":8,"column":24},"end":{"line":8,"column":25}},"loc":{"start":{"line":8,"column":50},"end":{"line":10,"column":1}},"line":8}},"branchMap":{},"s":{"0":1,"1":1,"2":0,"3":0,"4":1,"5":0,"6":1},"f":{"0":0,"1":0},"b":{},"_coverageSchema":"1a1c01bbd47fc00a2c39e90264f33305004495a9","hash":"a2afb2ec19e65280286cf011112d6668ea927887"}
,"C:\\Users\\deba_pc.com\\OneDrive\\Desktop\\iptv\\backend\\src\\utils\\response.js": {"path":"C:\\Users\\deba_pc.com\\OneDrive\\Desktop\\iptv\\backend\\src\\utils\\response.js","statementMap":{"0":{"start":{"line":1,"column":16},"end":{"line":7,"column":1}},"1":{"start":{"line":2,"column":2},"end":{"line":6,"column":5}},"2":{"start":{"line":9,"column":14},"end":{"line":16,"column":1}},"3":{"start":{"line":10,"column":19},"end":{"line":13,"column":3}},"4":{"start":{"line":14,"column":2},"end":{"line":14,"column":39}},"5":{"start":{"line":14,"column":14},"end":{"line":14,"column":39}},"6":{"start":{"line":15,"column":2},"end":{"line":15,"column":47}},"7":{"start":{"line":18,"column":0},"end":{"line":18,"column":36}}},"fnMap":{"0":{"name":"(anonymous_0)","decl":{"start":{"line":1,"column":16},"end":{"line":1,"column":17}},"loc":{"start":{"line":1,"column":70},"end":{"line":7,"column":1}},"line":1},"1":{"name":"(anonymous_1)","decl":{"start":{"line":9,"column":14},"end":{"line":9,"column":15}},"loc":{"start":{"line":9,"column":90},"end":{"line":16,"column":1}},"line":9}},"branchMap":{"0":{"loc":{"start":{"line":1,"column":28},"end":{"line":1,"column":47}},"type":"default-arg","locations":[{"start":{"line":1,"column":38},"end":{"line":1,"column":47}}],"line":1},"1":{"loc":{"start":{"line":1,"column":49},"end":{"line":1,"column":65}},"type":"default-arg","locations":[{"start":{"line":1,"column":62},"end":{"line":1,"column":65}}],"line":1},"2":{"loc":{"start":{"line":9,"column":20},"end":{"line":9,"column":52}},"type":"default-arg","locations":[{"start":{"line":9,"column":30},"end":{"line":9,"column":52}}],"line":9},"3":{"loc":{"start":{"line":9,"column":54},"end":{"line":9,"column":70}},"type":"default-arg","locations":[{"start":{"line":9,"column":67},"end":{"line":9,"column":70}}],"line":9},"4":{"loc":{"start":{"line":9,"column":72},"end":{"line":9,"column":85}},"type":"default-arg","locations":[{"start":{"line":9,"column":81},"end":{"line":9,"column":85}}],"line":9},"5":{"loc":{"start":{"line":14,"column":2},"end":{"line":14,"column":39}},"type":"if","locations":[{"start":{"line":14,"column":2},"end":{"line":14,"column":39}},{"start":{},"end":{}}],"line":14}},"s":{"0":1,"1":0,"2":1,"3":2,"4":2,"5":0,"6":2,"7":1},"f":{"0":0,"1":2},"b":{"0":[0],"1":[0],"2":[0],"3":[0],"4":[2],"5":[0,2]},"_coverageSchema":"1a1c01bbd47fc00a2c39e90264f33305004495a9","hash":"2005a4552c2047ee6eb447bcd6efde0d3884fcf0"}
}
