{"C:\\Users\\deba_pc.com\\OneDrive\\Desktop\\iptv\\backend\\src\\config\\db.js": {"path":"C:\\Users\\deba_pc.com\\OneDrive\\Desktop\\iptv\\backend\\src\\config\\db.js","statementMap":{"0":{"start":{"line":1,"column":17},"end":{"line":1,"column":30}},"1":{"start":{"line":2,"column":0},"end":{"line":2,"column":27}},"2":{"start":{"line":4,"column":17},"end":{"line":4,"column":74}},"3":{"start":{"line":6,"column":19},"end":{"line":25,"column":5}},"4":{"start":{"line":27,"column":13},"end":{"line":27,"column":33}},"5":{"start":{"line":29,"column":0},"end":{"line":31,"column":3}},"6":{"start":{"line":30,"column":2},"end":{"line":30,"column":64}},"7":{"start":{"line":33,"column":0},"end":{"line":36,"column":2}},"8":{"start":{"line":34,"column":27},"end":{"line":34,"column":51}}},"fnMap":{"0":{"name":"(anonymous_0)","decl":{"start":{"line":29,"column":17},"end":{"line":29,"column":18}},"loc":{"start":{"line":29,"column":26},"end":{"line":31,"column":1}},"line":29},"1":{"name":"(anonymous_1)","decl":{"start":{"line":34,"column":9},"end":{"line":34,"column":10}},"loc":{"start":{"line":34,"column":27},"end":{"line":34,"column":51}},"line":34}},"branchMap":{"0":{"loc":{"start":{"line":4,"column":17},"end":{"line":4,"column":74}},"type":"binary-expr","locations":[{"start":{"line":4,"column":17},"end":{"line":4,"column":46}},{"start":{"line":4,"column":50},"end":{"line":4,"column":74}}],"line":4},"1":{"loc":{"start":{"line":6,"column":19},"end":{"line":25,"column":5}},"type":"cond-expr","locations":[{"start":{"line":7,"column":4},"end":{"line":14,"column":5}},{"start":{"line":15,"column":4},"end":{"line":25,"column":5}}],"line":6},"2":{"loc":{"start":{"line":13,"column":20},"end":{"line":13,"column":51}},"type":"binary-expr","locations":[{"start":{"line":13,"column":20},"end":{"line":13,"column":43}},{"start":{"line":13,"column":47},"end":{"line":13,"column":51}}],"line":13},"3":{"loc":{"start":{"line":16,"column":12},"end":{"line":16,"column":46}},"type":"binary-expr","locations":[{"start":{"line":16,"column":12},"end":{"line":16,"column":31}},{"start":{"line":16,"column":35},"end":{"line":16,"column":46}}],"line":16},"4":{"loc":{"start":{"line":17,"column":12},"end":{"line":17,"column":39}},"type":"binary-expr","locations":[{"start":{"line":17,"column":12},"end":{"line":17,"column":31}},{"start":{"line":17,"column":35},"end":{"line":17,"column":39}}],"line":17},"5":{"loc":{"start":{"line":18,"column":16},"end":{"line":18,"column":48}},"type":"binary-expr","locations":[{"start":{"line":18,"column":16},"end":{"line":18,"column":35}},{"start":{"line":18,"column":39},"end":{"line":18,"column":48}}],"line":18},"6":{"loc":{"start":{"line":19,"column":12},"end":{"line":19,"column":45}},"type":"binary-expr","locations":[{"start":{"line":19,"column":12},"end":{"line":19,"column":31}},{"start":{"line":19,"column":35},"end":{"line":19,"column":45}}],"line":19},"7":{"loc":{"start":{"line":20,"column":16},"end":{"line":20,"column":53}},"type":"binary-expr","locations":[{"start":{"line":20,"column":16},"end":{"line":20,"column":39}},{"start":{"line":20,"column":43},"end":{"line":20,"column":53}}],"line":20},"8":{"loc":{"start":{"line":21,"column":11},"end":{"line":21,"column":86}},"type":"cond-expr","locations":[{"start":{"line":21,"column":49},"end":{"line":21,"column":78}},{"start":{"line":21,"column":81},"end":{"line":21,"column":86}}],"line":21},"9":{"loc":{"start":{"line":24,"column":20},"end":{"line":24,"column":51}},"type":"binary-expr","locations":[{"start":{"line":24,"column":20},"end":{"line":24,"column":43}},{"start":{"line":24,"column":47},"end":{"line":24,"column":51}}],"line":24}},"s":{"0":1,"1":1,"2":1,"3":1,"4":1,"5":1,"6":0,"7":1,"8":0},"f":{"0":0,"1":0},"b":{"0":[1,1],"1":[1,0],"2":[1,1],"3":[0,0],"4":[0,0],"5":[0,0],"6":[0,0],"7":[0,0],"8":[0,0],"9":[0,0]},"_coverageSchema":"1a1c01bbd47fc00a2c39e90264f33305004495a9","hash":"8fd9e2db6d73ec425725aeabd8dd2bd734b175ff"}
,"C:\\Users\\deba_pc.com\\OneDrive\\Desktop\\iptv\\backend\\src\\controllers\\authController.js": {"path":"C:\\Users\\deba_pc.com\\OneDrive\\Desktop\\iptv\\backend\\src\\controllers\\authController.js","statementMap":{"0":{"start":{"line":1,"column":11},"end":{"line":1,"column":34}},"1":{"start":{"line":2,"column":15},"end":{"line":2,"column":32}},"2":{"start":{"line":3,"column":42},"end":{"line":3,"column":70}},"3":{"start":{"line":4,"column":48},"end":{"line":4,"column":71}},"4":{"start":{"line":5,"column":27},"end":{"line":5,"column":55}},"5":{"start":{"line":8,"column":28},"end":{"line":8,"column":62}},"6":{"start":{"line":10,"column":0},"end":{"line":55,"column":2}},"7":{"start":{"line":11,"column":2},"end":{"line":54,"column":3}},"8":{"start":{"line":12,"column":51},"end":{"line":12,"column":59}},"9":{"start":{"line":15,"column":4},"end":{"line":17,"column":5}},"10":{"start":{"line":16,"column":6},"end":{"line":16,"column":67}},"11":{"start":{"line":18,"column":4},"end":{"line":20,"column":5}},"12":{"start":{"line":19,"column":6},"end":{"line":19,"column":54}},"13":{"start":{"line":21,"column":24},"end":{"line":21,"column":62}},"14":{"start":{"line":22,"column":4},"end":{"line":24,"column":5}},"15":{"start":{"line":23,"column":6},"end":{"line":23,"column":54}},"16":{"start":{"line":25,"column":4},"end":{"line":27,"column":5}},"17":{"start":{"line":26,"column":6},"end":{"line":26,"column":66}},"18":{"start":{"line":30,"column":21},"end":{"line":33,"column":5}},"19":{"start":{"line":34,"column":4},"end":{"line":36,"column":5}},"20":{"start":{"line":35,"column":6},"end":{"line":35,"column":74}},"21":{"start":{"line":38,"column":25},"end":{"line":38,"column":53}},"22":{"start":{"line":40,"column":19},"end":{"line":44,"column":5}},"23":{"start":{"line":46,"column":17},"end":{"line":46,"column":31}},"24":{"start":{"line":47,"column":18},"end":{"line":47,"column":88}},"25":{"start":{"line":48,"column":25},"end":{"line":48,"column":54}},"26":{"start":{"line":50,"column":4},"end":{"line":50,"column":85}},"27":{"start":{"line":52,"column":4},"end":{"line":52,"column":59}},"28":{"start":{"line":53,"column":4},"end":{"line":53,"column":103}},"29":{"start":{"line":57,"column":0},"end":{"line":185,"column":2}},"30":{"start":{"line":58,"column":2},"end":{"line":184,"column":3}},"31":{"start":{"line":59,"column":69},"end":{"line":59,"column":77}},"32":{"start":{"line":60,"column":23},"end":{"line":60,"column":28}},"33":{"start":{"line":62,"column":19},"end":{"line":65,"column":5}},"34":{"start":{"line":67,"column":4},"end":{"line":69,"column":5}},"35":{"start":{"line":68,"column":6},"end":{"line":68,"column":58}},"36":{"start":{"line":71,"column":17},"end":{"line":71,"column":31}},"37":{"start":{"line":73,"column":4},"end":{"line":75,"column":5}},"38":{"start":{"line":74,"column":6},"end":{"line":74,"column":87}},"39":{"start":{"line":77,"column":20},"end":{"line":77,"column":71}},"40":{"start":{"line":78,"column":4},"end":{"line":80,"column":5}},"41":{"start":{"line":79,"column":6},"end":{"line":79,"column":58}},"42":{"start":{"line":83,"column":4},"end":{"line":83,"column":86}},"43":{"start":{"line":85,"column":18},"end":{"line":85,"column":22}},"44":{"start":{"line":86,"column":24},"end":{"line":86,"column":30}},"45":{"start":{"line":87,"column":22},"end":{"line":87,"column":46}},"46":{"start":{"line":88,"column":16},"end":{"line":88,"column":26}},"47":{"start":{"line":90,"column":4},"end":{"line":159,"column":5}},"48":{"start":{"line":92,"column":28},"end":{"line":98,"column":7}},"49":{"start":{"line":100,"column":6},"end":{"line":100,"column":46}},"50":{"start":{"line":101,"column":6},"end":{"line":101,"column":94}},"51":{"start":{"line":104,"column":6},"end":{"line":149,"column":7}},"52":{"start":{"line":105,"column":31},"end":{"line":108,"column":9}},"53":{"start":{"line":109,"column":8},"end":{"line":148,"column":9}},"54":{"start":{"line":111,"column":33},"end":{"line":114,"column":11}},"55":{"start":{"line":115,"column":35},"end":{"line":115,"column":73}},"56":{"start":{"line":116,"column":29},"end":{"line":116,"column":54}},"57":{"start":{"line":118,"column":10},"end":{"line":137,"column":11}},"58":{"start":{"line":119,"column":12},"end":{"line":136,"column":13}},"59":{"start":{"line":120,"column":14},"end":{"line":129,"column":15}},"60":{"start":{"line":122,"column":16},"end":{"line":127,"column":30}},"61":{"start":{"line":128,"column":16},"end":{"line":128,"column":37}},"62":{"start":{"line":131,"column":14},"end":{"line":135,"column":17}},"63":{"start":{"line":139,"column":10},"end":{"line":142,"column":12}},"64":{"start":{"line":144,"column":10},"end":{"line":147,"column":12}},"65":{"start":{"line":152,"column":6},"end":{"line":155,"column":8}},"66":{"start":{"line":157,"column":6},"end":{"line":157,"column":81}},"67":{"start":{"line":161,"column":18},"end":{"line":161,"column":88}},"68":{"start":{"line":162,"column":25},"end":{"line":162,"column":54}},"69":{"start":{"line":164,"column":54},"end":{"line":164,"column":58}},"70":{"start":{"line":166,"column":4},"end":{"line":180,"column":7}},"71":{"start":{"line":182,"column":4},"end":{"line":182,"column":39}},"72":{"start":{"line":183,"column":4},"end":{"line":183,"column":36}},"73":{"start":{"line":187,"column":0},"end":{"line":195,"column":2}},"74":{"start":{"line":189,"column":27},"end":{"line":189,"column":35}},"75":{"start":{"line":190,"column":2},"end":{"line":193,"column":3}},"76":{"start":{"line":191,"column":35},"end":{"line":191,"column":58}},"77":{"start":{"line":192,"column":4},"end":{"line":192,"column":37}},"78":{"start":{"line":194,"column":2},"end":{"line":194,"column":48}},"79":{"start":{"line":197,"column":0},"end":{"line":238,"column":2}},"80":{"start":{"line":198,"column":2},"end":{"line":237,"column":3}},"81":{"start":{"line":199,"column":29},"end":{"line":199,"column":37}},"82":{"start":{"line":200,"column":4},"end":{"line":202,"column":5}},"83":{"start":{"line":201,"column":6},"end":{"line":201,"column":55}},"84":{"start":{"line":204,"column":36},"end":{"line":204,"column":59}},"85":{"start":{"line":208,"column":40},"end":{"line":208,"column":73}},"86":{"start":{"line":210,"column":4},"end":{"line":212,"column":5}},"87":{"start":{"line":211,"column":6},"end":{"line":211,"column":54}},"88":{"start":{"line":215,"column":23},"end":{"line":218,"column":5}},"89":{"start":{"line":219,"column":4},"end":{"line":221,"column":5}},"90":{"start":{"line":220,"column":6},"end":{"line":220,"column":47}},"91":{"start":{"line":222,"column":17},"end":{"line":222,"column":35}},"92":{"start":{"line":223,"column":4},"end":{"line":225,"column":5}},"93":{"start":{"line":224,"column":6},"end":{"line":224,"column":48}},"94":{"start":{"line":227,"column":27},"end":{"line":227,"column":97}},"95":{"start":{"line":229,"column":4},"end":{"line":233,"column":7}},"96":{"start":{"line":235,"column":4},"end":{"line":235,"column":55}},"97":{"start":{"line":236,"column":4},"end":{"line":236,"column":56}},"98":{"start":{"line":240,"column":0},"end":{"line":262,"column":2}},"99":{"start":{"line":241,"column":2},"end":{"line":261,"column":3}},"100":{"start":{"line":242,"column":30},"end":{"line":242,"column":38}},"101":{"start":{"line":243,"column":4},"end":{"line":245,"column":5}},"102":{"start":{"line":244,"column":6},"end":{"line":244,"column":57}},"103":{"start":{"line":248,"column":16},"end":{"line":248,"column":59}},"104":{"start":{"line":252,"column":4},"end":{"line":252,"column":102}},"105":{"start":{"line":258,"column":4},"end":{"line":258,"column":84}},"106":{"start":{"line":260,"column":4},"end":{"line":260,"column":64}},"107":{"start":{"line":264,"column":0},"end":{"line":286,"column":2}},"108":{"start":{"line":265,"column":2},"end":{"line":285,"column":3}},"109":{"start":{"line":266,"column":48},"end":{"line":266,"column":56}},"110":{"start":{"line":268,"column":4},"end":{"line":270,"column":5}},"111":{"start":{"line":269,"column":6},"end":{"line":269,"column":62}},"112":{"start":{"line":271,"column":4},"end":{"line":273,"column":5}},"113":{"start":{"line":272,"column":6},"end":{"line":272,"column":66}},"114":{"start":{"line":281,"column":4},"end":{"line":281,"column":99}},"115":{"start":{"line":283,"column":4},"end":{"line":283,"column":56}},"116":{"start":{"line":284,"column":4},"end":{"line":284,"column":48}},"117":{"start":{"line":288,"column":0},"end":{"line":301,"column":2}},"118":{"start":{"line":289,"column":2},"end":{"line":300,"column":3}},"119":{"start":{"line":290,"column":19},"end":{"line":293,"column":5}},"120":{"start":{"line":294,"column":4},"end":{"line":296,"column":5}},"121":{"start":{"line":295,"column":6},"end":{"line":295,"column":47}},"122":{"start":{"line":297,"column":4},"end":{"line":297,"column":33}},"123":{"start":{"line":299,"column":4},"end":{"line":299,"column":47}}},"fnMap":{"0":{"name":"(anonymous_0)","decl":{"start":{"line":10,"column":17},"end":{"line":10,"column":18}},"loc":{"start":{"line":10,"column":37},"end":{"line":55,"column":1}},"line":10},"1":{"name":"(anonymous_1)","decl":{"start":{"line":57,"column":16},"end":{"line":57,"column":17}},"loc":{"start":{"line":57,"column":36},"end":{"line":185,"column":1}},"line":57},"2":{"name":"(anonymous_2)","decl":{"start":{"line":187,"column":17},"end":{"line":187,"column":18}},"loc":{"start":{"line":187,"column":37},"end":{"line":195,"column":1}},"line":187},"3":{"name":"(anonymous_3)","decl":{"start":{"line":197,"column":23},"end":{"line":197,"column":24}},"loc":{"start":{"line":197,"column":43},"end":{"line":238,"column":1}},"line":197},"4":{"name":"(anonymous_4)","decl":{"start":{"line":240,"column":25},"end":{"line":240,"column":26}},"loc":{"start":{"line":240,"column":45},"end":{"line":262,"column":1}},"line":240},"5":{"name":"(anonymous_5)","decl":{"start":{"line":264,"column":24},"end":{"line":264,"column":25}},"loc":{"start":{"line":264,"column":44},"end":{"line":286,"column":1}},"line":264},"6":{"name":"(anonymous_6)","decl":{"start":{"line":288,"column":13},"end":{"line":288,"column":14}},"loc":{"start":{"line":288,"column":33},"end":{"line":301,"column":1}},"line":288}},"branchMap":{"0":{"loc":{"start":{"line":15,"column":4},"end":{"line":17,"column":5}},"type":"if","locations":[{"start":{"line":15,"column":4},"end":{"line":17,"column":5}},{"start":{},"end":{}}],"line":15},"1":{"loc":{"start":{"line":15,"column":8},"end":{"line":15,"column":115}},"type":"binary-expr","locations":[{"start":{"line":15,"column":8},"end":{"line":15,"column":18}},{"start":{"line":15,"column":22},"end":{"line":15,"column":51}},{"start":{"line":15,"column":55},"end":{"line":15,"column":82}},{"start":{"line":15,"column":86},"end":{"line":15,"column":115}}],"line":15},"2":{"loc":{"start":{"line":18,"column":4},"end":{"line":20,"column":5}},"type":"if","locations":[{"start":{"line":18,"column":4},"end":{"line":20,"column":5}},{"start":{},"end":{}}],"line":18},"3":{"loc":{"start":{"line":18,"column":8},"end":{"line":18,"column":59}},"type":"binary-expr","locations":[{"start":{"line":18,"column":8},"end":{"line":18,"column":14}},{"start":{"line":18,"column":18},"end":{"line":18,"column":59}}],"line":18},"4":{"loc":{"start":{"line":21,"column":25},"end":{"line":21,"column":37}},"type":"binary-expr","locations":[{"start":{"line":21,"column":25},"end":{"line":21,"column":31}},{"start":{"line":21,"column":35},"end":{"line":21,"column":37}}],"line":21},"5":{"loc":{"start":{"line":22,"column":4},"end":{"line":24,"column":5}},"type":"if","locations":[{"start":{"line":22,"column":4},"end":{"line":24,"column":5}},{"start":{},"end":{}}],"line":22},"6":{"loc":{"start":{"line":25,"column":4},"end":{"line":27,"column":5}},"type":"if","locations":[{"start":{"line":25,"column":4},"end":{"line":27,"column":5}},{"start":{},"end":{}}],"line":25},"7":{"loc":{"start":{"line":25,"column":8},"end":{"line":25,"column":65}},"type":"binary-expr","locations":[{"start":{"line":25,"column":8},"end":{"line":25,"column":17}},{"start":{"line":25,"column":21},"end":{"line":25,"column":40}},{"start":{"line":25,"column":44},"end":{"line":25,"column":65}}],"line":25},"8":{"loc":{"start":{"line":34,"column":4},"end":{"line":36,"column":5}},"type":"if","locations":[{"start":{"line":34,"column":4},"end":{"line":36,"column":5}},{"start":{},"end":{}}],"line":34},"9":{"loc":{"start":{"line":53,"column":15},"end":{"line":53,"column":96}},"type":"cond-expr","locations":[{"start":{"line":53,"column":56},"end":{"line":53,"column":67}},{"start":{"line":53,"column":70},"end":{"line":53,"column":96}}],"line":53},"10":{"loc":{"start":{"line":67,"column":4},"end":{"line":69,"column":5}},"type":"if","locations":[{"start":{"line":67,"column":4},"end":{"line":69,"column":5}},{"start":{},"end":{}}],"line":67},"11":{"loc":{"start":{"line":73,"column":4},"end":{"line":75,"column":5}},"type":"if","locations":[{"start":{"line":73,"column":4},"end":{"line":75,"column":5}},{"start":{},"end":{}}],"line":73},"12":{"loc":{"start":{"line":78,"column":4},"end":{"line":80,"column":5}},"type":"if","locations":[{"start":{"line":78,"column":4},"end":{"line":80,"column":5}},{"start":{},"end":{}}],"line":78},"13":{"loc":{"start":{"line":100,"column":16},"end":{"line":100,"column":45}},"type":"binary-expr","locations":[{"start":{"line":100,"column":16},"end":{"line":100,"column":37}},{"start":{"line":100,"column":41},"end":{"line":100,"column":45}}],"line":100},"14":{"loc":{"start":{"line":101,"column":22},"end":{"line":101,"column":93}},"type":"cond-expr","locations":[{"start":{"line":101,"column":70},"end":{"line":101,"column":84}},{"start":{"line":101,"column":87},"end":{"line":101,"column":93}}],"line":101},"15":{"loc":{"start":{"line":101,"column":22},"end":{"line":101,"column":67}},"type":"binary-expr","locations":[{"start":{"line":101,"column":22},"end":{"line":101,"column":29}},{"start":{"line":101,"column":33},"end":{"line":101,"column":67}}],"line":101},"16":{"loc":{"start":{"line":104,"column":6},"end":{"line":149,"column":7}},"type":"if","locations":[{"start":{"line":104,"column":6},"end":{"line":149,"column":7}},{"start":{},"end":{}}],"line":104},"17":{"loc":{"start":{"line":109,"column":8},"end":{"line":148,"column":9}},"type":"if","locations":[{"start":{"line":109,"column":8},"end":{"line":148,"column":9}},{"start":{"line":143,"column":15},"end":{"line":148,"column":9}}],"line":109},"18":{"loc":{"start":{"line":116,"column":29},"end":{"line":116,"column":54}},"type":"binary-expr","locations":[{"start":{"line":116,"column":29},"end":{"line":116,"column":49}},{"start":{"line":116,"column":53},"end":{"line":116,"column":54}}],"line":116},"19":{"loc":{"start":{"line":118,"column":10},"end":{"line":137,"column":11}},"type":"if","locations":[{"start":{"line":118,"column":10},"end":{"line":137,"column":11}},{"start":{},"end":{}}],"line":118},"20":{"loc":{"start":{"line":119,"column":12},"end":{"line":136,"column":13}},"type":"if","locations":[{"start":{"line":119,"column":12},"end":{"line":136,"column":13}},{"start":{"line":130,"column":19},"end":{"line":136,"column":13}}],"line":119},"21":{"loc":{"start":{"line":141,"column":33},"end":{"line":141,"column":57}},"type":"binary-expr","locations":[{"start":{"line":141,"column":33},"end":{"line":141,"column":44}},{"start":{"line":141,"column":48},"end":{"line":141,"column":57}}],"line":141},"22":{"loc":{"start":{"line":141,"column":59},"end":{"line":141,"column":81}},"type":"binary-expr","locations":[{"start":{"line":141,"column":59},"end":{"line":141,"column":70}},{"start":{"line":141,"column":74},"end":{"line":141,"column":81}}],"line":141},"23":{"loc":{"start":{"line":141,"column":83},"end":{"line":141,"column":113}},"type":"binary-expr","locations":[{"start":{"line":141,"column":83},"end":{"line":141,"column":100}},{"start":{"line":141,"column":104},"end":{"line":141,"column":113}}],"line":141},"24":{"loc":{"start":{"line":146,"column":13},"end":{"line":146,"column":35}},"type":"binary-expr","locations":[{"start":{"line":146,"column":13},"end":{"line":146,"column":24}},{"start":{"line":146,"column":28},"end":{"line":146,"column":35}}],"line":146},"25":{"loc":{"start":{"line":172,"column":72},"end":{"line":172,"column":97}},"type":"binary-expr","locations":[{"start":{"line":172,"column":72},"end":{"line":172,"column":92}},{"start":{"line":172,"column":96},"end":{"line":172,"column":97}}],"line":172},"26":{"loc":{"start":{"line":173,"column":15},"end":{"line":179,"column":14}},"type":"cond-expr","locations":[{"start":{"line":173,"column":25},"end":{"line":179,"column":7}},{"start":{"line":179,"column":10},"end":{"line":179,"column":14}}],"line":173},"27":{"loc":{"start":{"line":178,"column":24},"end":{"line":178,"column":120}},"type":"cond-expr","locations":[{"start":{"line":178,"column":45},"end":{"line":178,"column":116}},{"start":{"line":178,"column":119},"end":{"line":178,"column":120}}],"line":178},"28":{"loc":{"start":{"line":190,"column":2},"end":{"line":193,"column":3}},"type":"if","locations":[{"start":{"line":190,"column":2},"end":{"line":193,"column":3}},{"start":{},"end":{}}],"line":190},"29":{"loc":{"start":{"line":200,"column":4},"end":{"line":202,"column":5}},"type":"if","locations":[{"start":{"line":200,"column":4},"end":{"line":202,"column":5}},{"start":{},"end":{}}],"line":200},"30":{"loc":{"start":{"line":210,"column":4},"end":{"line":212,"column":5}},"type":"if","locations":[{"start":{"line":210,"column":4},"end":{"line":212,"column":5}},{"start":{},"end":{}}],"line":210},"31":{"loc":{"start":{"line":219,"column":4},"end":{"line":221,"column":5}},"type":"if","locations":[{"start":{"line":219,"column":4},"end":{"line":221,"column":5}},{"start":{},"end":{}}],"line":219},"32":{"loc":{"start":{"line":223,"column":4},"end":{"line":225,"column":5}},"type":"if","locations":[{"start":{"line":223,"column":4},"end":{"line":225,"column":5}},{"start":{},"end":{}}],"line":223},"33":{"loc":{"start":{"line":243,"column":4},"end":{"line":245,"column":5}},"type":"if","locations":[{"start":{"line":243,"column":4},"end":{"line":245,"column":5}},{"start":{},"end":{}}],"line":243},"34":{"loc":{"start":{"line":243,"column":8},"end":{"line":243,"column":25}},"type":"binary-expr","locations":[{"start":{"line":243,"column":8},"end":{"line":243,"column":14}},{"start":{"line":243,"column":18},"end":{"line":243,"column":25}}],"line":243},"35":{"loc":{"start":{"line":252,"column":44},"end":{"line":252,"column":59}},"type":"binary-expr","locations":[{"start":{"line":252,"column":44},"end":{"line":252,"column":49}},{"start":{"line":252,"column":53},"end":{"line":252,"column":59}}],"line":252},"36":{"loc":{"start":{"line":268,"column":4},"end":{"line":270,"column":5}},"type":"if","locations":[{"start":{"line":268,"column":4},"end":{"line":270,"column":5}},{"start":{},"end":{}}],"line":268},"37":{"loc":{"start":{"line":268,"column":8},"end":{"line":268,"column":28}},"type":"binary-expr","locations":[{"start":{"line":268,"column":8},"end":{"line":268,"column":12}},{"start":{"line":268,"column":16},"end":{"line":268,"column":28}}],"line":268},"38":{"loc":{"start":{"line":271,"column":4},"end":{"line":273,"column":5}},"type":"if","locations":[{"start":{"line":271,"column":4},"end":{"line":273,"column":5}},{"start":{},"end":{}}],"line":271},"39":{"loc":{"start":{"line":271,"column":8},"end":{"line":271,"column":74}},"type":"binary-expr","locations":[{"start":{"line":271,"column":8},"end":{"line":271,"column":20}},{"start":{"line":271,"column":24},"end":{"line":271,"column":46}},{"start":{"line":271,"column":50},"end":{"line":271,"column":74}}],"line":271},"40":{"loc":{"start":{"line":294,"column":4},"end":{"line":296,"column":5}},"type":"if","locations":[{"start":{"line":294,"column":4},"end":{"line":296,"column":5}},{"start":{},"end":{}}],"line":294}},"s":{"0":1,"1":1,"2":1,"3":1,"4":1,"5":1,"6":1,"7":0,"8":0,"9":0,"10":0,"11":0,"12":0,"13":0,"14":0,"15":0,"16":0,"17":0,"18":0,"19":0,"20":0,"21":0,"22":0,"23":0,"24":0,"25":0,"26":0,"27":0,"28":0,"29":1,"30":0,"31":0,"32":0,"33":0,"34":0,"35":0,"36":0,"37":0,"38":0,"39":0,"40":0,"41":0,"42":0,"43":0,"44":0,"45":0,"46":0,"47":0,"48":0,"49":0,"50":0,"51":0,"52":0,"53":0,"54":0,"55":0,"56":0,"57":0,"58":0,"59":0,"60":0,"61":0,"62":0,"63":0,"64":0,"65":0,"66":0,"67":0,"68":0,"69":0,"70":0,"71":0,"72":0,"73":1,"74":0,"75":0,"76":0,"77":0,"78":0,"79":1,"80":2,"81":2,"82":2,"83":1,"84":1,"85":1,"86":0,"87":0,"88":0,"89":0,"90":0,"91":0,"92":0,"93":0,"94":0,"95":0,"96":1,"97":1,"98":1,"99":0,"100":0,"101":0,"102":0,"103":0,"104":0,"105":0,"106":0,"107":1,"108":0,"109":0,"110":0,"111":0,"112":0,"113":0,"114":0,"115":0,"116":0,"117":1,"118":0,"119":0,"120":0,"121":0,"122":0,"123":0},"f":{"0":0,"1":0,"2":0,"3":2,"4":0,"5":0,"6":0},"b":{"0":[0,0],"1":[0,0,0,0],"2":[0,0],"3":[0,0],"4":[0,0],"5":[0,0],"6":[0,0],"7":[0,0,0],"8":[0,0],"9":[0,0],"10":[0,0],"11":[0,0],"12":[0,0],"13":[0,0],"14":[0,0],"15":[0,0],"16":[0,0],"17":[0,0],"18":[0,0],"19":[0,0],"20":[0,0],"21":[0,0],"22":[0,0],"23":[0,0],"24":[0,0],"25":[0,0],"26":[0,0],"27":[0,0],"28":[0,0],"29":[1,1],"30":[0,0],"31":[0,0],"32":[0,0],"33":[0,0],"34":[0,0],"35":[0,0],"36":[0,0],"37":[0,0],"38":[0,0],"39":[0,0,0],"40":[0,0]},"_coverageSchema":"1a1c01bbd47fc00a2c39e90264f33305004495a9","hash":"bb6462abeb4cfc960b278c353a76c2ab4416b453"}
,"C:\\Users\\deba_pc.com\\OneDrive\\Desktop\\iptv\\backend\\src\\middleware\\auth.js": {"path":"C:\\Users\\deba_pc.com\\OneDrive\\Desktop\\iptv\\backend\\src\\middleware\\auth.js","statementMap":{"0":{"start":{"line":1,"column":24},"end":{"line":1,"column":47}},"1":{"start":{"line":2,"column":11},"end":{"line":2,"column":34}},"2":{"start":{"line":4,"column":23},"end":{"line":34,"column":1}},"3":{"start":{"line":5,"column":2},"end":{"line":33,"column":3}},"4":{"start":{"line":6,"column":23},"end":{"line":6,"column":48}},"5":{"start":{"line":7,"column":4},"end":{"line":9,"column":5}},"6":{"start":{"line":8,"column":6},"end":{"line":8,"column":84}},"7":{"start":{"line":11,"column":18},"end":{"line":11,"column":42}},"8":{"start":{"line":12,"column":20},"end":{"line":12,"column":38}},"9":{"start":{"line":15,"column":19},"end":{"line":18,"column":5}},"10":{"start":{"line":20,"column":4},"end":{"line":22,"column":5}},"11":{"start":{"line":21,"column":6},"end":{"line":21,"column":81}},"12":{"start":{"line":24,"column":17},"end":{"line":24,"column":31}},"13":{"start":{"line":25,"column":4},"end":{"line":27,"column":5}},"14":{"start":{"line":26,"column":6},"end":{"line":26,"column":121}},"15":{"start":{"line":29,"column":4},"end":{"line":29,"column":20}},"16":{"start":{"line":30,"column":4},"end":{"line":30,"column":11}},"17":{"start":{"line":32,"column":4},"end":{"line":32,"column":89}},"18":{"start":{"line":41,"column":21},"end":{"line":60,"column":1}},"19":{"start":{"line":42,"column":2},"end":{"line":58,"column":3}},"20":{"start":{"line":43,"column":23},"end":{"line":43,"column":48}},"21":{"start":{"line":44,"column":4},"end":{"line":46,"column":5}},"22":{"start":{"line":45,"column":6},"end":{"line":45,"column":20}},"23":{"start":{"line":47,"column":18},"end":{"line":47,"column":42}},"24":{"start":{"line":48,"column":20},"end":{"line":48,"column":38}},"25":{"start":{"line":49,"column":19},"end":{"line":52,"column":5}},"26":{"start":{"line":53,"column":4},"end":{"line":55,"column":5}},"27":{"start":{"line":54,"column":6},"end":{"line":54,"column":32}},"28":{"start":{"line":59,"column":2},"end":{"line":59,"column":9}},"29":{"start":{"line":62,"column":0},"end":{"line":62,"column":32}},"30":{"start":{"line":63,"column":0},"end":{"line":63,"column":43}}},"fnMap":{"0":{"name":"(anonymous_0)","decl":{"start":{"line":4,"column":23},"end":{"line":4,"column":24}},"loc":{"start":{"line":4,"column":49},"end":{"line":34,"column":1}},"line":4},"1":{"name":"(anonymous_1)","decl":{"start":{"line":41,"column":21},"end":{"line":41,"column":22}},"loc":{"start":{"line":41,"column":47},"end":{"line":60,"column":1}},"line":41}},"branchMap":{"0":{"loc":{"start":{"line":7,"column":4},"end":{"line":9,"column":5}},"type":"if","locations":[{"start":{"line":7,"column":4},"end":{"line":9,"column":5}},{"start":{},"end":{}}],"line":7},"1":{"loc":{"start":{"line":7,"column":8},"end":{"line":7,"column":56}},"type":"binary-expr","locations":[{"start":{"line":7,"column":8},"end":{"line":7,"column":19}},{"start":{"line":7,"column":23},"end":{"line":7,"column":56}}],"line":7},"2":{"loc":{"start":{"line":20,"column":4},"end":{"line":22,"column":5}},"type":"if","locations":[{"start":{"line":20,"column":4},"end":{"line":22,"column":5}},{"start":{},"end":{}}],"line":20},"3":{"loc":{"start":{"line":25,"column":4},"end":{"line":27,"column":5}},"type":"if","locations":[{"start":{"line":25,"column":4},"end":{"line":27,"column":5}},{"start":{},"end":{}}],"line":25},"4":{"loc":{"start":{"line":44,"column":4},"end":{"line":46,"column":5}},"type":"if","locations":[{"start":{"line":44,"column":4},"end":{"line":46,"column":5}},{"start":{},"end":{}}],"line":44},"5":{"loc":{"start":{"line":44,"column":8},"end":{"line":44,"column":56}},"type":"binary-expr","locations":[{"start":{"line":44,"column":8},"end":{"line":44,"column":19}},{"start":{"line":44,"column":23},"end":{"line":44,"column":56}}],"line":44},"6":{"loc":{"start":{"line":53,"column":4},"end":{"line":55,"column":5}},"type":"if","locations":[{"start":{"line":53,"column":4},"end":{"line":55,"column":5}},{"start":{},"end":{}}],"line":53},"7":{"loc":{"start":{"line":53,"column":8},"end":{"line":53,"column":69}},"type":"binary-expr","locations":[{"start":{"line":53,"column":8},"end":{"line":53,"column":30}},{"start":{"line":53,"column":34},"end":{"line":53,"column":69}}],"line":53}},"s":{"0":1,"1":1,"2":1,"3":0,"4":0,"5":0,"6":0,"7":0,"8":0,"9":0,"10":0,"11":0,"12":0,"13":0,"14":0,"15":0,"16":0,"17":0,"18":1,"19":0,"20":0,"21":0,"22":0,"23":0,"24":0,"25":0,"26":0,"27":0,"28":0,"29":1,"30":1},"f":{"0":0,"1":0},"b":{"0":[0,0],"1":[0,0],"2":[0,0],"3":[0,0],"4":[0,0],"5":[0,0],"6":[0,0],"7":[0,0]},"_coverageSchema":"1a1c01bbd47fc00a2c39e90264f33305004495a9","hash":"91acf3ed7043727a933ba3171dc5d04f50b8457f"}
,"C:\\Users\\deba_pc.com\\OneDrive\\Desktop\\iptv\\backend\\src\\middleware\\rateLimit.js": {"path":"C:\\Users\\deba_pc.com\\OneDrive\\Desktop\\iptv\\backend\\src\\middleware\\rateLimit.js","statementMap":{"0":{"start":{"line":1,"column":18},"end":{"line":1,"column":47}},"1":{"start":{"line":3,"column":24},"end":{"line":9,"column":2}},"2":{"start":{"line":7,"column":4},"end":{"line":7,"column":100}},"3":{"start":{"line":11,"column":19},"end":{"line":17,"column":2}},"4":{"start":{"line":15,"column":4},"end":{"line":15,"column":106}},"5":{"start":{"line":19,"column":22},"end":{"line":25,"column":2}},"6":{"start":{"line":23,"column":4},"end":{"line":23,"column":101}},"7":{"start":{"line":27,"column":20},"end":{"line":33,"column":2}},"8":{"start":{"line":31,"column":4},"end":{"line":31,"column":105}},"9":{"start":{"line":35,"column":0},"end":{"line":35,"column":77}}},"fnMap":{"0":{"name":"(anonymous_0)","decl":{"start":{"line":6,"column":11},"end":{"line":6,"column":12}},"loc":{"start":{"line":6,"column":40},"end":{"line":8,"column":3}},"line":6},"1":{"name":"(anonymous_1)","decl":{"start":{"line":14,"column":11},"end":{"line":14,"column":12}},"loc":{"start":{"line":14,"column":40},"end":{"line":16,"column":3}},"line":14},"2":{"name":"(anonymous_2)","decl":{"start":{"line":22,"column":11},"end":{"line":22,"column":12}},"loc":{"start":{"line":22,"column":40},"end":{"line":24,"column":3}},"line":22},"3":{"name":"(anonymous_3)","decl":{"start":{"line":30,"column":11},"end":{"line":30,"column":12}},"loc":{"start":{"line":30,"column":40},"end":{"line":32,"column":3}},"line":30}},"branchMap":{},"s":{"0":1,"1":1,"2":0,"3":1,"4":0,"5":1,"6":0,"7":1,"8":0,"9":1},"f":{"0":0,"1":0,"2":0,"3":0},"b":{},"_coverageSchema":"1a1c01bbd47fc00a2c39e90264f33305004495a9","hash":"88c850a90959d18ee6f32984a1e39805741c1721"}
,"C:\\Users\\deba_pc.com\\OneDrive\\Desktop\\iptv\\backend\\src\\routes\\auth.js": {"path":"C:\\Users\\deba_pc.com\\OneDrive\\Desktop\\iptv\\backend\\src\\routes\\auth.js","statementMap":{"0":{"start":{"line":1,"column":16},"end":{"line":1,"column":34}},"1":{"start":{"line":2,"column":15},"end":{"line":2,"column":31}},"2":{"start":{"line":3,"column":23},"end":{"line":3,"column":63}},"3":{"start":{"line":4,"column":41},"end":{"line":4,"column":75}},"4":{"start":{"line":5,"column":23},"end":{"line":5,"column":52}},"5":{"start":{"line":7,"column":0},"end":{"line":7,"column":59}},"6":{"start":{"line":8,"column":0},"end":{"line":8,"column":57}},"7":{"start":{"line":9,"column":0},"end":{"line":9,"column":63}},"8":{"start":{"line":10,"column":0},"end":{"line":10,"column":72}},"9":{"start":{"line":11,"column":0},"end":{"line":11,"column":76}},"10":{"start":{"line":12,"column":0},"end":{"line":12,"column":74}},"11":{"start":{"line":13,"column":0},"end":{"line":13,"column":53}},"12":{"start":{"line":15,"column":0},"end":{"line":15,"column":24}}},"fnMap":{},"branchMap":{},"s":{"0":1,"1":1,"2":1,"3":1,"4":1,"5":1,"6":1,"7":1,"8":1,"9":1,"10":1,"11":1,"12":1},"f":{},"b":{},"_coverageSchema":"1a1c01bbd47fc00a2c39e90264f33305004495a9","hash":"fcb927c3dc26b36b07d9f52aca51a17afc1e7754"}
,"C:\\Users\\deba_pc.com\\OneDrive\\Desktop\\iptv\\backend\\src\\utils\\jwt.js": {"path":"C:\\Users\\deba_pc.com\\OneDrive\\Desktop\\iptv\\backend\\src\\utils\\jwt.js","statementMap":{"0":{"start":{"line":1,"column":12},"end":{"line":1,"column":35}},"1":{"start":{"line":4,"column":0},"end":{"line":7,"column":1}},"2":{"start":{"line":5,"column":2},"end":{"line":5,"column":108}},"3":{"start":{"line":5,"column":31},"end":{"line":5,"column":108}},"4":{"start":{"line":6,"column":2},"end":{"line":6,"column":120}},"5":{"start":{"line":6,"column":37},"end":{"line":6,"column":120}},"6":{"start":{"line":9,"column":19},"end":{"line":9,"column":82}},"7":{"start":{"line":10,"column":25},"end":{"line":10,"column":96}},"8":{"start":{"line":12,"column":23},"end":{"line":12,"column":80}},"9":{"start":{"line":15,"column":22},"end":{"line":17,"column":1}},"10":{"start":{"line":16,"column":2},"end":{"line":16,"column":54}},"11":{"start":{"line":24,"column":29},"end":{"line":26,"column":1}},"12":{"start":{"line":25,"column":2},"end":{"line":25,"column":85}},"13":{"start":{"line":28,"column":20},"end":{"line":30,"column":1}},"14":{"start":{"line":29,"column":2},"end":{"line":29,"column":39}},"15":{"start":{"line":34,"column":27},"end":{"line":38,"column":1}},"16":{"start":{"line":35,"column":18},"end":{"line":35,"column":58}},"17":{"start":{"line":36,"column":2},"end":{"line":36,"column":73}},"18":{"start":{"line":36,"column":34},"end":{"line":36,"column":73}},"19":{"start":{"line":37,"column":2},"end":{"line":37,"column":17}},"20":{"start":{"line":42,"column":28},"end":{"line":46,"column":1}},"21":{"start":{"line":43,"column":18},"end":{"line":43,"column":50}},"22":{"start":{"line":44,"column":26},"end":{"line":44,"column":62}},"23":{"start":{"line":45,"column":2},"end":{"line":45,"column":53}},"24":{"start":{"line":50,"column":27},"end":{"line":52,"column":1}},"25":{"start":{"line":54,"column":27},"end":{"line":56,"column":1}},"26":{"start":{"line":55,"column":2},"end":{"line":55,"column":60}},"27":{"start":{"line":58,"column":25},"end":{"line":60,"column":1}},"28":{"start":{"line":59,"column":2},"end":{"line":59,"column":45}},"29":{"start":{"line":62,"column":0},"end":{"line":66,"column":2}}},"fnMap":{"0":{"name":"(anonymous_0)","decl":{"start":{"line":15,"column":22},"end":{"line":15,"column":23}},"loc":{"start":{"line":15,"column":54},"end":{"line":17,"column":1}},"line":15},"1":{"name":"(anonymous_1)","decl":{"start":{"line":24,"column":29},"end":{"line":24,"column":30}},"loc":{"start":{"line":24,"column":41},"end":{"line":26,"column":1}},"line":24},"2":{"name":"(anonymous_2)","decl":{"start":{"line":28,"column":20},"end":{"line":28,"column":21}},"loc":{"start":{"line":28,"column":31},"end":{"line":30,"column":1}},"line":28},"3":{"name":"(anonymous_3)","decl":{"start":{"line":34,"column":27},"end":{"line":34,"column":28}},"loc":{"start":{"line":34,"column":45},"end":{"line":38,"column":1}},"line":34},"4":{"name":"(anonymous_4)","decl":{"start":{"line":42,"column":28},"end":{"line":42,"column":29}},"loc":{"start":{"line":42,"column":46},"end":{"line":46,"column":1}},"line":42},"5":{"name":"(anonymous_5)","decl":{"start":{"line":50,"column":27},"end":{"line":50,"column":28}},"loc":{"start":{"line":50,"column":46},"end":{"line":52,"column":1}},"line":50},"6":{"name":"(anonymous_6)","decl":{"start":{"line":54,"column":27},"end":{"line":54,"column":28}},"loc":{"start":{"line":54,"column":58},"end":{"line":56,"column":1}},"line":54},"7":{"name":"(anonymous_7)","decl":{"start":{"line":58,"column":25},"end":{"line":58,"column":26}},"loc":{"start":{"line":58,"column":36},"end":{"line":60,"column":1}},"line":58}},"branchMap":{"0":{"loc":{"start":{"line":4,"column":0},"end":{"line":7,"column":1}},"type":"if","locations":[{"start":{"line":4,"column":0},"end":{"line":7,"column":1}},{"start":{},"end":{}}],"line":4},"1":{"loc":{"start":{"line":5,"column":2},"end":{"line":5,"column":108}},"type":"if","locations":[{"start":{"line":5,"column":2},"end":{"line":5,"column":108}},{"start":{},"end":{}}],"line":5},"2":{"loc":{"start":{"line":6,"column":2},"end":{"line":6,"column":120}},"type":"if","locations":[{"start":{"line":6,"column":2},"end":{"line":6,"column":120}},{"start":{},"end":{}}],"line":6},"3":{"loc":{"start":{"line":9,"column":19},"end":{"line":9,"column":82}},"type":"binary-expr","locations":[{"start":{"line":9,"column":19},"end":{"line":9,"column":41}},{"start":{"line":9,"column":45},"end":{"line":9,"column":82}}],"line":9},"4":{"loc":{"start":{"line":10,"column":25},"end":{"line":10,"column":96}},"type":"binary-expr","locations":[{"start":{"line":10,"column":25},"end":{"line":10,"column":53}},{"start":{"line":10,"column":57},"end":{"line":10,"column":96}}],"line":10},"5":{"loc":{"start":{"line":12,"column":23},"end":{"line":12,"column":80}},"type":"binary-expr","locations":[{"start":{"line":12,"column":23},"end":{"line":12,"column":53}},{"start":{"line":12,"column":57},"end":{"line":12,"column":80}}],"line":12},"6":{"loc":{"start":{"line":15,"column":32},"end":{"line":15,"column":49}},"type":"default-arg","locations":[{"start":{"line":15,"column":44},"end":{"line":15,"column":49}}],"line":15},"7":{"loc":{"start":{"line":36,"column":2},"end":{"line":36,"column":73}},"type":"if","locations":[{"start":{"line":36,"column":2},"end":{"line":36,"column":73}},{"start":{},"end":{}}],"line":36},"8":{"loc":{"start":{"line":54,"column":37},"end":{"line":54,"column":53}},"type":"default-arg","locations":[{"start":{"line":54,"column":49},"end":{"line":54,"column":53}}],"line":54}},"s":{"0":1,"1":1,"2":0,"3":0,"4":0,"5":0,"6":1,"7":1,"8":1,"9":1,"10":0,"11":1,"12":0,"13":1,"14":0,"15":1,"16":1,"17":0,"18":0,"19":0,"20":1,"21":1,"22":0,"23":0,"24":1,"25":1,"26":0,"27":1,"28":0,"29":1},"f":{"0":0,"1":0,"2":0,"3":1,"4":1,"5":0,"6":0,"7":0},"b":{"0":[0,1],"1":[0,0],"2":[0,0],"3":[1,0],"4":[1,0],"5":[1,1],"6":[0],"7":[0,0],"8":[0]},"_coverageSchema":"1a1c01bbd47fc00a2c39e90264f33305004495a9","hash":"2485dd815a0d7688fe18be11f7a3fcc515db23ec"}
,"C:\\Users\\deba_pc.com\\OneDrive\\Desktop\\iptv\\backend\\src\\utils\\password.js": {"path":"C:\\Users\\deba_pc.com\\OneDrive\\Desktop\\iptv\\backend\\src\\utils\\password.js","statementMap":{"0":{"start":{"line":1,"column":15},"end":{"line":1,"column":34}},"1":{"start":{"line":3,"column":21},"end":{"line":6,"column":1}},"2":{"start":{"line":4,"column":15},"end":{"line":4,"column":39}},"3":{"start":{"line":5,"column":2},"end":{"line":5,"column":37}},"4":{"start":{"line":8,"column":24},"end":{"line":10,"column":1}},"5":{"start":{"line":9,"column":2},"end":{"line":9,"column":40}},"6":{"start":{"line":12,"column":0},"end":{"line":12,"column":51}}},"fnMap":{"0":{"name":"(anonymous_0)","decl":{"start":{"line":3,"column":21},"end":{"line":3,"column":22}},"loc":{"start":{"line":3,"column":41},"end":{"line":6,"column":1}},"line":3},"1":{"name":"(anonymous_1)","decl":{"start":{"line":8,"column":24},"end":{"line":8,"column":25}},"loc":{"start":{"line":8,"column":50},"end":{"line":10,"column":1}},"line":8}},"branchMap":{},"s":{"0":1,"1":1,"2":0,"3":0,"4":1,"5":0,"6":1},"f":{"0":0,"1":0},"b":{},"_coverageSchema":"1a1c01bbd47fc00a2c39e90264f33305004495a9","hash":"a2afb2ec19e65280286cf011112d6668ea927887"}
,"C:\\Users\\deba_pc.com\\OneDrive\\Desktop\\iptv\\backend\\src\\utils\\response.js": {"path":"C:\\Users\\deba_pc.com\\OneDrive\\Desktop\\iptv\\backend\\src\\utils\\response.js","statementMap":{"0":{"start":{"line":1,"column":16},"end":{"line":7,"column":1}},"1":{"start":{"line":2,"column":2},"end":{"line":6,"column":5}},"2":{"start":{"line":9,"column":14},"end":{"line":16,"column":1}},"3":{"start":{"line":10,"column":19},"end":{"line":13,"column":3}},"4":{"start":{"line":14,"column":2},"end":{"line":14,"column":39}},"5":{"start":{"line":14,"column":14},"end":{"line":14,"column":39}},"6":{"start":{"line":15,"column":2},"end":{"line":15,"column":47}},"7":{"start":{"line":18,"column":0},"end":{"line":18,"column":36}}},"fnMap":{"0":{"name":"(anonymous_0)","decl":{"start":{"line":1,"column":16},"end":{"line":1,"column":17}},"loc":{"start":{"line":1,"column":70},"end":{"line":7,"column":1}},"line":1},"1":{"name":"(anonymous_1)","decl":{"start":{"line":9,"column":14},"end":{"line":9,"column":15}},"loc":{"start":{"line":9,"column":90},"end":{"line":16,"column":1}},"line":9}},"branchMap":{"0":{"loc":{"start":{"line":1,"column":28},"end":{"line":1,"column":47}},"type":"default-arg","locations":[{"start":{"line":1,"column":38},"end":{"line":1,"column":47}}],"line":1},"1":{"loc":{"start":{"line":1,"column":49},"end":{"line":1,"column":65}},"type":"default-arg","locations":[{"start":{"line":1,"column":62},"end":{"line":1,"column":65}}],"line":1},"2":{"loc":{"start":{"line":9,"column":20},"end":{"line":9,"column":52}},"type":"default-arg","locations":[{"start":{"line":9,"column":30},"end":{"line":9,"column":52}}],"line":9},"3":{"loc":{"start":{"line":9,"column":54},"end":{"line":9,"column":70}},"type":"default-arg","locations":[{"start":{"line":9,"column":67},"end":{"line":9,"column":70}}],"line":9},"4":{"loc":{"start":{"line":9,"column":72},"end":{"line":9,"column":85}},"type":"default-arg","locations":[{"start":{"line":9,"column":81},"end":{"line":9,"column":85}}],"line":9},"5":{"loc":{"start":{"line":14,"column":2},"end":{"line":14,"column":39}},"type":"if","locations":[{"start":{"line":14,"column":2},"end":{"line":14,"column":39}},{"start":{},"end":{}}],"line":14}},"s":{"0":1,"1":0,"2":1,"3":2,"4":2,"5":0,"6":2,"7":1},"f":{"0":0,"1":2},"b":{"0":[0],"1":[0],"2":[0],"3":[0],"4":[2],"5":[0,2]},"_coverageSchema":"1a1c01bbd47fc00a2c39e90264f33305004495a9","hash":"2005a4552c2047ee6eb447bcd6efde0d3884fcf0"}
}
